{"/home/travis/build/npmtest/node-npmtest-rpio/test.js":{"path":"/home/travis/build/npmtest/node-npmtest-rpio/test.js","s":{"1":2,"2":2,"3":2,"4":2,"5":2,"6":2,"7":2,"8":1,"9":2,"10":2,"11":1,"12":1,"13":1,"14":1,"15":2,"16":2,"17":2,"18":2,"19":1,"20":1,"21":2,"22":2,"23":2,"24":1,"25":1,"26":1,"27":1,"28":1,"29":1,"30":1,"31":1,"32":1,"33":1,"34":1,"35":1,"36":1,"37":1,"38":1,"39":2,"40":2,"41":1,"42":2,"43":2,"44":1,"45":2,"46":2,"47":1,"48":2,"49":2,"50":1,"51":1,"52":1,"53":1,"54":1},"b":{"1":[2,1,1,1],"2":[1,1,1,1],"3":[1,1],"4":[1,1],"5":[1,1],"6":[1,1],"7":[1,1],"8":[1,1],"9":[1,1],"10":[1,1,1],"11":[1,1],"12":[1,1],"13":[1,1],"14":[1,1],"15":[1,1],"16":[1,1],"17":[1,1]},"f":{"1":2,"2":2,"3":2,"4":2,"5":2,"6":1,"7":1,"8":1,"9":2,"10":2,"11":2,"12":2,"13":1},"fnMap":{"1":{"name":"(anonymous_1)","line":12,"loc":{"start":{"line":12,"column":1},"end":{"line":12,"column":13}}},"2":{"name":"(anonymous_2)","line":19,"loc":{"start":{"line":19,"column":5},"end":{"line":19,"column":17}}},"3":{"name":"(anonymous_3)","line":23,"loc":{"start":{"line":23,"column":24},"end":{"line":23,"column":36}}},"4":{"name":"(anonymous_4)","line":61,"loc":{"start":{"line":61,"column":5},"end":{"line":61,"column":17}}},"5":{"name":"(anonymous_5)","line":82,"loc":{"start":{"line":82,"column":5},"end":{"line":82,"column":17}}},"6":{"name":"(anonymous_6)","line":91,"loc":{"start":{"line":91,"column":77},"end":{"line":94,"column":10}}},"7":{"name":"(anonymous_7)","line":112,"loc":{"start":{"line":112,"column":83},"end":{"line":115,"column":10}},"skip":true},"8":{"name":"(anonymous_8)","line":123,"loc":{"start":{"line":123,"column":77},"end":{"line":126,"column":10}},"skip":true},"9":{"name":"(anonymous_9)","line":139,"loc":{"start":{"line":139,"column":12},"end":{"line":139,"column":40}},"skip":true},"10":{"name":"(anonymous_10)","line":147,"loc":{"start":{"line":147,"column":77},"end":{"line":150,"column":10}},"skip":true},"11":{"name":"(anonymous_11)","line":158,"loc":{"start":{"line":158,"column":83},"end":{"line":161,"column":10}},"skip":true},"12":{"name":"(anonymous_12)","line":169,"loc":{"start":{"line":169,"column":79},"end":{"line":172,"column":10}},"skip":true},"13":{"name":"(anonymous_13)","line":180,"loc":{"start":{"line":180,"column":75},"end":{"line":183,"column":10}},"skip":true}},"statementMap":{"1":{"start":{"line":12,"column":0},"end":{"line":195,"column":5}},"2":{"start":{"line":14,"column":4},"end":{"line":14,"column":14}},"3":{"start":{"line":19,"column":4},"end":{"line":56,"column":9}},"4":{"start":{"line":21,"column":8},"end":{"line":21,"column":19}},"5":{"start":{"line":23,"column":8},"end":{"line":35,"column":13}},"6":{"start":{"line":24,"column":12},"end":{"line":34,"column":13}},"7":{"start":{"line":25,"column":16},"end":{"line":28,"column":30}},"8":{"start":{"line":30,"column":16},"end":{"line":33,"column":27}},"9":{"start":{"line":37,"column":8},"end":{"line":39,"column":21}},"10":{"start":{"line":40,"column":8},"end":{"line":53,"column":9}},"11":{"start":{"line":43,"column":12},"end":{"line":46,"column":14}},"12":{"start":{"line":47,"column":12},"end":{"line":47,"column":18}},"13":{"start":{"line":50,"column":12},"end":{"line":51,"column":46}},"14":{"start":{"line":52,"column":12},"end":{"line":52,"column":18}},"15":{"start":{"line":55,"column":8},"end":{"line":55,"column":35}},"16":{"start":{"line":61,"column":4},"end":{"line":63,"column":9}},"17":{"start":{"line":62,"column":8},"end":{"line":62,"column":15}},"18":{"start":{"line":64,"column":4},"end":{"line":77,"column":5}},"19":{"start":{"line":70,"column":8},"end":{"line":70,"column":14}},"20":{"start":{"line":76,"column":8},"end":{"line":76,"column":14}},"21":{"start":{"line":82,"column":4},"end":{"line":84,"column":9}},"22":{"start":{"line":83,"column":8},"end":{"line":83,"column":15}},"23":{"start":{"line":85,"column":4},"end":{"line":194,"column":5}},"24":{"start":{"line":91,"column":8},"end":{"line":99,"column":10}},"25":{"start":{"line":98,"column":12},"end":{"line":98,"column":35}},"26":{"start":{"line":102,"column":8},"end":{"line":104,"column":63}},"27":{"start":{"line":105,"column":8},"end":{"line":105,"column":14}},"28":{"start":{"line":112,"column":8},"end":{"line":121,"column":10},"skip":true},"29":{"start":{"line":119,"column":12},"end":{"line":119,"column":55},"skip":true},"30":{"start":{"line":120,"column":12},"end":{"line":120,"column":48},"skip":true},"31":{"start":{"line":123,"column":8},"end":{"line":136,"column":10},"skip":true},"32":{"start":{"line":130,"column":12},"end":{"line":130,"column":76},"skip":true},"33":{"start":{"line":131,"column":12},"end":{"line":131,"column":73},"skip":true},"34":{"start":{"line":132,"column":12},"end":{"line":132,"column":74},"skip":true},"35":{"start":{"line":133,"column":12},"end":{"line":133,"column":79},"skip":true},"36":{"start":{"line":134,"column":12},"end":{"line":134,"column":25},"skip":true},"37":{"start":{"line":135,"column":12},"end":{"line":135,"column":45},"skip":true},"38":{"start":{"line":138,"column":8},"end":{"line":145,"column":14},"skip":true},"39":{"start":{"line":143,"column":16},"end":{"line":143,"column":29},"skip":true},"40":{"start":{"line":144,"column":16},"end":{"line":144,"column":55},"skip":true},"41":{"start":{"line":147,"column":8},"end":{"line":156,"column":10},"skip":true},"42":{"start":{"line":154,"column":12},"end":{"line":154,"column":25},"skip":true},"43":{"start":{"line":155,"column":12},"end":{"line":155,"column":45},"skip":true},"44":{"start":{"line":158,"column":8},"end":{"line":167,"column":10},"skip":true},"45":{"start":{"line":165,"column":12},"end":{"line":165,"column":25},"skip":true},"46":{"start":{"line":166,"column":12},"end":{"line":166,"column":48},"skip":true},"47":{"start":{"line":169,"column":8},"end":{"line":178,"column":10},"skip":true},"48":{"start":{"line":176,"column":12},"end":{"line":176,"column":25},"skip":true},"49":{"start":{"line":177,"column":12},"end":{"line":177,"column":46},"skip":true},"50":{"start":{"line":180,"column":8},"end":{"line":189,"column":10},"skip":true},"51":{"start":{"line":187,"column":12},"end":{"line":187,"column":94},"skip":true},"52":{"start":{"line":188,"column":12},"end":{"line":188,"column":48},"skip":true},"53":{"start":{"line":192,"column":8},"end":{"line":192,"column":35},"skip":true},"54":{"start":{"line":193,"column":8},"end":{"line":193,"column":14},"skip":true}},"branchMap":{"1":{"line":25,"type":"binary-expr","locations":[{"start":{"line":25,"column":23},"end":{"line":25,"column":62}},{"start":{"line":26,"column":20},"end":{"line":26,"column":70}},{"start":{"line":27,"column":20},"end":{"line":27,"column":71}},{"start":{"line":28,"column":20},"end":{"line":28,"column":29}}]},"2":{"line":30,"type":"binary-expr","locations":[{"start":{"line":30,"column":23},"end":{"line":30,"column":37}},{"start":{"line":31,"column":20},"end":{"line":31,"column":61}},{"start":{"line":32,"column":20},"end":{"line":32,"column":70}},{"start":{"line":33,"column":20},"end":{"line":33,"column":26}}]},"3":{"line":37,"type":"cond-expr","locations":[{"start":{"line":38,"column":14},"end":{"line":38,"column":20}},{"start":{"line":39,"column":14},"end":{"line":39,"column":20}}]},"4":{"line":40,"type":"switch","locations":[{"start":{"line":42,"column":8},"end":{"line":47,"column":18}},{"start":{"line":49,"column":8},"end":{"line":52,"column":18}}]},"5":{"line":44,"type":"binary-expr","locations":[{"start":{"line":44,"column":16},"end":{"line":44,"column":44}},{"start":{"line":44,"column":48},"end":{"line":44,"column":66}}]},"6":{"line":50,"type":"binary-expr","locations":[{"start":{"line":50,"column":21},"end":{"line":50,"column":49}},{"start":{"line":50,"column":53},"end":{"line":50,"column":72}}]},"7":{"line":64,"type":"switch","locations":[{"start":{"line":69,"column":4},"end":{"line":70,"column":14}},{"start":{"line":75,"column":4},"end":{"line":76,"column":14}}]},"8":{"line":85,"type":"switch","locations":[{"start":{"line":90,"column":4},"end":{"line":105,"column":14}},{"start":{"line":111,"column":4},"end":{"line":193,"column":14},"skip":true}]},"9":{"line":91,"type":"binary-expr","locations":[{"start":{"line":91,"column":42},"end":{"line":91,"column":73}},{"start":{"line":91,"column":77},"end":{"line":99,"column":9}}]},"10":{"line":102,"type":"binary-expr","locations":[{"start":{"line":102,"column":18},"end":{"line":102,"column":32}},{"start":{"line":103,"column":12},"end":{"line":103,"column":53}},{"start":{"line":104,"column":12},"end":{"line":104,"column":61}}]},"11":{"line":112,"type":"binary-expr","locations":[{"start":{"line":112,"column":45},"end":{"line":112,"column":79},"skip":true},{"start":{"line":112,"column":83},"end":{"line":121,"column":9},"skip":true}]},"12":{"line":123,"type":"binary-expr","locations":[{"start":{"line":123,"column":42},"end":{"line":123,"column":73},"skip":true},{"start":{"line":123,"column":77},"end":{"line":136,"column":9},"skip":true}]},"13":{"line":138,"type":"binary-expr","locations":[{"start":{"line":138,"column":48},"end":{"line":138,"column":85},"skip":true},{"start":{"line":139,"column":12},"end":{"line":145,"column":13},"skip":true}]},"14":{"line":147,"type":"binary-expr","locations":[{"start":{"line":147,"column":42},"end":{"line":147,"column":73},"skip":true},{"start":{"line":147,"column":77},"end":{"line":156,"column":9},"skip":true}]},"15":{"line":158,"type":"binary-expr","locations":[{"start":{"line":158,"column":45},"end":{"line":158,"column":79},"skip":true},{"start":{"line":158,"column":83},"end":{"line":167,"column":9},"skip":true}]},"16":{"line":169,"type":"binary-expr","locations":[{"start":{"line":169,"column":43},"end":{"line":169,"column":75},"skip":true},{"start":{"line":169,"column":79},"end":{"line":178,"column":9},"skip":true}]},"17":{"line":180,"type":"binary-expr","locations":[{"start":{"line":180,"column":41},"end":{"line":180,"column":71},"skip":true},{"start":{"line":180,"column":75},"end":{"line":189,"column":9},"skip":true}]}},"code":["/* istanbul instrument in package npmtest_rpio */","/*jslint","    bitwise: true,","    browser: true,","    maxerr: 8,","    maxlen: 96,","    node: true,","    nomen: true,","    regexp: true,","    stupid: true","*/","(function () {","    'use strict';","    var local;","","","","    // run shared js-env code - pre-init","    (function () {","        // init local","        local = {};","        // init modeJs","        local.modeJs = (function () {","            try {","                return typeof navigator.userAgent === 'string' &&","                    typeof document.querySelector('body') === 'object' &&","                    typeof XMLHttpRequest.prototype.open === 'function' &&","                    'browser';","            } catch (errorCaughtBrowser) {","                return module.exports &&","                    typeof process.versions.node === 'string' &&","                    typeof require('http').createServer === 'function' &&","                    'node';","            }","        }());","        // init global","        local.global = local.modeJs === 'browser'","            ? window","            : global;","        switch (local.modeJs) {","        // re-init local from window.local","        case 'browser':","            local = local.global.utility2.objectSetDefault(","                local.global.utility2_rollup || local.global.local,","                local.global.utility2","            );","            break;","        // re-init local from example.js","        case 'node':","            local = (local.global.utility2_rollup || require('utility2'))","                .requireExampleJsFromReadme();","            break;","        }","        // export local","        local.global.local = local;","    }());","","","","    // run shared js-env code - function","    (function () {","        return;","    }());","    switch (local.modeJs) {","","","","    // run browser js-env code - function","    case 'browser':","        break;","","","","    // run node js-env code - function","    case 'node':","        break;","    }","","","","    // run shared js-env code - post-init","    (function () {","        return;","    }());","    switch (local.modeJs) {","","","","    // run browser js-env code - post-init","    case 'browser':","        local.testCase_browser_nullCase = local.testCase_browser_nullCase || function (","            options,","            onError","        ) {","        /*","         * this function will test browsers's null-case handling-behavior-behavior","         */","            onError(null, options);","        };","","        // run tests","        local.nop(local.modeTest &&","            document.querySelector('#testRunButton1') &&","            document.querySelector('#testRunButton1').click());","        break;","","","","    // run node js-env code - post-init","    /* istanbul ignore next */","    case 'node':","        local.testCase_buildApidoc_default = local.testCase_buildApidoc_default || function (","            options,","            onError","        ) {","        /*","         * this function will test buildApidoc's default handling-behavior-behavior","         */","            options = { modulePathList: module.paths };","            local.buildApidoc(options, onError);","        };","","        local.testCase_buildApp_default = local.testCase_buildApp_default || function (","            options,","            onError","        ) {","        /*","         * this function will test buildApp's default handling-behavior-behavior","         */","            local.testCase_buildReadme_default(options, local.onErrorThrow);","            local.testCase_buildLib_default(options, local.onErrorThrow);","            local.testCase_buildTest_default(options, local.onErrorThrow);","            local.testCase_buildCustomOrg_default(options, local.onErrorThrow);","            options = [];","            local.buildApp(options, onError);","        };","","        local.testCase_buildCustomOrg_default = local.testCase_buildCustomOrg_default ||","            function (options, onError) {","            /*","             * this function will test buildCustomOrg's default handling-behavior","             */","                options = {};","                local.buildCustomOrg(options, onError);","            };","","        local.testCase_buildLib_default = local.testCase_buildLib_default || function (","            options,","            onError","        ) {","        /*","         * this function will test buildLib's default handling-behavior","         */","            options = {};","            local.buildLib(options, onError);","        };","","        local.testCase_buildReadme_default = local.testCase_buildReadme_default || function (","            options,","            onError","        ) {","        /*","         * this function will test buildReadme's default handling-behavior-behavior","         */","            options = {};","            local.buildReadme(options, onError);","        };","","        local.testCase_buildTest_default = local.testCase_buildTest_default || function (","            options,","            onError","        ) {","        /*","         * this function will test buildTest's default handling-behavior","         */","            options = {};","            local.buildTest(options, onError);","        };","","        local.testCase_webpage_default = local.testCase_webpage_default || function (","            options,","            onError","        ) {","        /*","         * this function will test webpage's default handling-behavior","         */","            options = { modeCoverageMerge: true, url: local.serverLocalHost + '?modeTest=1' };","            local.browserTest(options, onError);","        };","","        // run test-server","        local.testRunServer(local);","        break;","    }","}());",""],"l":{"12":2,"14":2,"19":2,"21":2,"23":2,"24":2,"25":2,"30":1,"37":2,"40":2,"43":1,"47":1,"50":1,"52":1,"55":2,"61":2,"62":2,"64":2,"70":1,"76":1,"82":2,"83":2,"85":2,"91":1,"98":1,"102":1,"105":1,"112":1,"119":1,"120":1,"123":1,"130":1,"131":1,"132":1,"133":1,"134":1,"135":1,"138":1,"143":2,"144":2,"147":1,"154":2,"155":2,"158":1,"165":2,"166":2,"169":1,"176":2,"177":2,"180":1,"187":1,"188":1,"192":1,"193":1}},"/home/travis/build/npmtest/node-npmtest-rpio/lib.npmtest_rpio.js":{"path":"/home/travis/build/npmtest/node-npmtest-rpio/lib.npmtest_rpio.js","s":{"1":2,"2":2,"3":2,"4":2,"5":2,"6":2,"7":2,"8":1,"9":2,"10":2,"11":2,"12":2,"13":1,"14":1,"15":1,"16":1},"b":{"1":[2,1,1,1],"2":[1,1,1,1],"3":[1,1],"4":[2,2],"5":[1,1]},"f":{"1":2,"2":2,"3":2},"fnMap":{"1":{"name":"(anonymous_1)","line":12,"loc":{"start":{"line":12,"column":1},"end":{"line":12,"column":13}}},"2":{"name":"(anonymous_2)","line":19,"loc":{"start":{"line":19,"column":5},"end":{"line":19,"column":17}}},"3":{"name":"(anonymous_3)","line":23,"loc":{"start":{"line":23,"column":24},"end":{"line":23,"column":36}}}},"statementMap":{"1":{"start":{"line":12,"column":0},"end":{"line":53,"column":5}},"2":{"start":{"line":14,"column":4},"end":{"line":14,"column":14}},"3":{"start":{"line":19,"column":4},"end":{"line":52,"column":9}},"4":{"start":{"line":21,"column":8},"end":{"line":21,"column":19}},"5":{"start":{"line":23,"column":8},"end":{"line":35,"column":13}},"6":{"start":{"line":24,"column":12},"end":{"line":34,"column":13}},"7":{"start":{"line":25,"column":16},"end":{"line":28,"column":30}},"8":{"start":{"line":30,"column":16},"end":{"line":33,"column":27}},"9":{"start":{"line":37,"column":8},"end":{"line":39,"column":21}},"10":{"start":{"line":41,"column":8},"end":{"line":41,"column":54}},"11":{"start":{"line":43,"column":8},"end":{"line":43,"column":49}},"12":{"start":{"line":45,"column":8},"end":{"line":51,"column":9}},"13":{"start":{"line":46,"column":12},"end":{"line":46,"column":55}},"14":{"start":{"line":48,"column":12},"end":{"line":48,"column":35}},"15":{"start":{"line":49,"column":12},"end":{"line":49,"column":49}},"16":{"start":{"line":50,"column":12},"end":{"line":50,"column":43}}},"branchMap":{"1":{"line":25,"type":"binary-expr","locations":[{"start":{"line":25,"column":23},"end":{"line":25,"column":62}},{"start":{"line":26,"column":20},"end":{"line":26,"column":70}},{"start":{"line":27,"column":20},"end":{"line":27,"column":71}},{"start":{"line":28,"column":20},"end":{"line":28,"column":29}}]},"2":{"line":30,"type":"binary-expr","locations":[{"start":{"line":30,"column":23},"end":{"line":30,"column":37}},{"start":{"line":31,"column":20},"end":{"line":31,"column":61}},{"start":{"line":32,"column":20},"end":{"line":32,"column":70}},{"start":{"line":33,"column":20},"end":{"line":33,"column":26}}]},"3":{"line":37,"type":"cond-expr","locations":[{"start":{"line":38,"column":14},"end":{"line":38,"column":20}},{"start":{"line":39,"column":14},"end":{"line":39,"column":20}}]},"4":{"line":41,"type":"binary-expr","locations":[{"start":{"line":41,"column":16},"end":{"line":41,"column":44}},{"start":{"line":41,"column":48},"end":{"line":41,"column":53}}]},"5":{"line":45,"type":"if","locations":[{"start":{"line":45,"column":8},"end":{"line":45,"column":8}},{"start":{"line":45,"column":8},"end":{"line":45,"column":8}}]}},"code":["/* istanbul instrument in package npmtest_rpio */","/*jslint","    bitwise: true,","    browser: true,","    maxerr: 8,","    maxlen: 96,","    node: true,","    nomen: true,","    regexp: true,","    stupid: true","*/","(function () {","    'use strict';","    var local;","","","","    // run shared js-env code - pre-init","    (function () {","        // init local","        local = {};","        // init modeJs","        local.modeJs = (function () {","            try {","                return typeof navigator.userAgent === 'string' &&","                    typeof document.querySelector('body') === 'object' &&","                    typeof XMLHttpRequest.prototype.open === 'function' &&","                    'browser';","            } catch (errorCaughtBrowser) {","                return module.exports &&","                    typeof process.versions.node === 'string' &&","                    typeof require('http').createServer === 'function' &&","                    'node';","            }","        }());","        // init global","        local.global = local.modeJs === 'browser'","            ? window","            : global;","        // init utility2_rollup","        local = local.global.utility2_rollup || local;","        // init lib","        local.local = local.npmtest_rpio = local;","        // init exports","        if (local.modeJs === 'browser') {","            local.global.utility2_npmtest_rpio = local;","        } else {","            module.exports = local;","            module.exports.__dirname = __dirname;","            module.exports.module = module;","        }","    }());","}());",""],"l":{"12":2,"14":2,"19":2,"21":2,"23":2,"24":2,"25":2,"30":1,"37":2,"41":2,"43":2,"45":2,"46":1,"48":1,"49":1,"50":1}},"/home/travis/build/npmtest/node-npmtest-rpio/example.js":{"path":"/home/travis/build/npmtest/node-npmtest-rpio/example.js","s":{"1":2,"2":2,"3":2,"4":2,"5":2,"6":2,"7":2,"8":1,"9":2,"10":2,"11":2,"12":2,"13":1,"14":2,"15":2,"16":2,"17":2,"18":2,"19":0,"20":2,"21":1,"22":1,"23":1,"24":1,"25":1,"26":0,"27":0,"28":1,"29":1,"30":2,"31":0,"32":0,"33":0,"34":1,"35":2,"36":2,"37":3,"38":3,"39":3,"40":3,"41":0,"42":3,"43":3,"44":3,"45":1,"46":3,"47":1,"48":1,"49":1,"50":1,"51":1,"52":1,"53":1,"54":1,"55":1,"56":1,"57":0,"58":1,"59":6,"60":6,"61":1,"62":2,"63":0,"64":2,"65":1,"66":1,"67":0,"68":0,"69":0,"70":0,"71":0,"72":0,"73":0,"74":0,"75":0,"76":0,"77":0,"78":0,"79":0,"80":0,"81":0,"82":0,"83":0},"b":{"1":[2,1,1,1],"2":[1,1,1,1],"3":[1,1],"4":[2,2],"5":[1,1],"6":[1,1],"7":[2,0],"8":[2,1,1,1,1,1],"9":[0,2,0],"10":[1,1],"11":[2,1,1],"12":[1,0],"13":[0,2],"14":[2,0,0,0,0,0,0],"15":[0,3],"16":[3,0],"17":[1,1],"18":[0,1],"19":[1,2,0,2],"20":[1,0],"21":[1,1],"22":[0,0],"23":[0,0],"24":[0,0],"25":[0,0],"26":[0,0],"27":[0,0],"28":[0,0]},"f":{"1":2,"2":2,"3":2,"4":2,"5":2,"6":2,"7":3,"8":3,"9":3,"10":1,"11":6,"12":0},"fnMap":{"1":{"name":"(anonymous_1)","line":26,"loc":{"start":{"line":26,"column":1},"end":{"line":26,"column":13}}},"2":{"name":"(anonymous_2)","line":33,"loc":{"start":{"line":33,"column":5},"end":{"line":33,"column":17}}},"3":{"name":"(anonymous_3)","line":37,"loc":{"start":{"line":37,"column":24},"end":{"line":37,"column":36}}},"4":{"name":"(anonymous_4)","line":69,"loc":{"start":{"line":69,"column":31},"end":{"line":69,"column":48}},"skip":true},"5":{"name":"(anonymous_5)","line":78,"loc":{"start":{"line":78,"column":26},"end":{"line":78,"column":45}},"skip":true},"6":{"name":"(anonymous_6)","line":123,"loc":{"start":{"line":123,"column":33},"end":{"line":123,"column":48}},"skip":true},"7":{"name":"(anonymous_7)","line":125,"loc":{"start":{"line":125,"column":27},"end":{"line":125,"column":39}},"skip":true},"8":{"name":"(anonymous_8)","line":133,"loc":{"start":{"line":133,"column":59},"end":{"line":133,"column":74}},"skip":true},"9":{"name":"(anonymous_9)","line":143,"loc":{"start":{"line":143,"column":45},"end":{"line":143,"column":62}},"skip":true},"10":{"name":"(anonymous_10)","line":144,"loc":{"start":{"line":144,"column":73},"end":{"line":144,"column":92}},"skip":true},"11":{"name":"(anonymous_11)","line":272,"loc":{"start":{"line":272,"column":51},"end":{"line":272,"column":77}},"skip":true},"12":{"name":"(anonymous_12)","line":314,"loc":{"start":{"line":314,"column":32},"end":{"line":314,"column":61}},"skip":true}},"statementMap":{"1":{"start":{"line":26,"column":0},"end":{"line":325,"column":5}},"2":{"start":{"line":28,"column":4},"end":{"line":28,"column":14}},"3":{"start":{"line":33,"column":4},"end":{"line":60,"column":9}},"4":{"start":{"line":35,"column":8},"end":{"line":35,"column":19}},"5":{"start":{"line":37,"column":8},"end":{"line":49,"column":13}},"6":{"start":{"line":38,"column":12},"end":{"line":48,"column":13}},"7":{"start":{"line":39,"column":16},"end":{"line":42,"column":30}},"8":{"start":{"line":44,"column":16},"end":{"line":47,"column":27}},"9":{"start":{"line":51,"column":8},"end":{"line":53,"column":21}},"10":{"start":{"line":55,"column":8},"end":{"line":57,"column":45}},"11":{"start":{"line":59,"column":8},"end":{"line":59,"column":35}},"12":{"start":{"line":61,"column":4},"end":{"line":324,"column":5}},"13":{"start":{"line":69,"column":8},"end":{"line":121,"column":10},"skip":true},"14":{"start":{"line":70,"column":12},"end":{"line":88,"column":13},"skip":true},"15":{"start":{"line":76,"column":16},"end":{"line":87,"column":19},"skip":true},"16":{"start":{"line":79,"column":20},"end":{"line":86,"column":21},"skip":true},"17":{"start":{"line":82,"column":24},"end":{"line":82,"column":43},"skip":true},"18":{"start":{"line":83,"column":24},"end":{"line":83,"column":30},"skip":true},"19":{"start":{"line":85,"column":24},"end":{"line":85,"column":49},"skip":true},"20":{"start":{"line":89,"column":12},"end":{"line":107,"column":13},"skip":true},"21":{"start":{"line":92,"column":16},"end":{"line":102,"column":17},"skip":true},"22":{"start":{"line":93,"column":20},"end":{"line":93,"column":86},"skip":true},"23":{"start":{"line":94,"column":20},"end":{"line":95,"column":45},"skip":true},"24":{"start":{"line":96,"column":20},"end":{"line":96,"column":42},"skip":true},"25":{"start":{"line":97,"column":20},"end":{"line":97,"column":48},"skip":true},"26":{"start":{"line":100,"column":20},"end":{"line":100,"column":85},"skip":true},"27":{"start":{"line":101,"column":20},"end":{"line":101,"column":96},"skip":true},"28":{"start":{"line":103,"column":16},"end":{"line":103,"column":22},"skip":true},"29":{"start":{"line":106,"column":16},"end":{"line":106,"column":22},"skip":true},"30":{"start":{"line":108,"column":12},"end":{"line":120,"column":13},"skip":true},"31":{"start":{"line":114,"column":16},"end":{"line":119,"column":17},"skip":true},"32":{"start":{"line":116,"column":20},"end":{"line":116,"column":78},"skip":true},"33":{"start":{"line":118,"column":20},"end":{"line":118,"column":47},"skip":true},"34":{"start":{"line":123,"column":8},"end":{"line":141,"column":11},"skip":true},"35":{"start":{"line":124,"column":12},"end":{"line":124,"column":54},"skip":true},"36":{"start":{"line":125,"column":12},"end":{"line":140,"column":14},"skip":true},"37":{"start":{"line":126,"column":16},"end":{"line":126,"column":28},"skip":true},"38":{"start":{"line":127,"column":16},"end":{"line":127,"column":69},"skip":true},"39":{"start":{"line":128,"column":16},"end":{"line":128,"column":75},"skip":true},"40":{"start":{"line":129,"column":16},"end":{"line":131,"column":17},"skip":true},"41":{"start":{"line":130,"column":20},"end":{"line":130,"column":27},"skip":true},"42":{"start":{"line":133,"column":16},"end":{"line":137,"column":36},"skip":true},"43":{"start":{"line":134,"column":20},"end":{"line":136,"column":55},"skip":true},"44":{"start":{"line":139,"column":16},"end":{"line":139,"column":57},"skip":true},"45":{"start":{"line":143,"column":8},"end":{"line":147,"column":11},"skip":true},"46":{"start":{"line":144,"column":12},"end":{"line":146,"column":15},"skip":true},"47":{"start":{"line":145,"column":16},"end":{"line":145,"column":70},"skip":true},"48":{"start":{"line":149,"column":8},"end":{"line":149,"column":31},"skip":true},"49":{"start":{"line":150,"column":8},"end":{"line":150,"column":14},"skip":true},"50":{"start":{"line":158,"column":8},"end":{"line":158,"column":31},"skip":true},"51":{"start":{"line":160,"column":8},"end":{"line":160,"column":33},"skip":true},"52":{"start":{"line":161,"column":8},"end":{"line":161,"column":37},"skip":true},"53":{"start":{"line":162,"column":8},"end":{"line":162,"column":35},"skip":true},"54":{"start":{"line":164,"column":8},"end":{"line":164,"column":50},"skip":true},"55":{"start":{"line":166,"column":8},"end":{"line":256,"column":2},"skip":true},"56":{"start":{"line":258,"column":8},"end":{"line":286,"column":9},"skip":true},"57":{"start":{"line":259,"column":12},"end":{"line":269,"column":14},"skip":true},"58":{"start":{"line":271,"column":12},"end":{"line":285,"column":19},"skip":true},"59":{"start":{"line":274,"column":20},"end":{"line":274,"column":35},"skip":true},"60":{"start":{"line":275,"column":20},"end":{"line":284,"column":21},"skip":true},"61":{"start":{"line":277,"column":24},"end":{"line":277,"column":64},"skip":true},"62":{"start":{"line":279,"column":24},"end":{"line":279,"column":40},"skip":true},"63":{"start":{"line":281,"column":24},"end":{"line":281,"column":40},"skip":true},"64":{"start":{"line":283,"column":24},"end":{"line":283,"column":39},"skip":true},"65":{"start":{"line":288,"column":8},"end":{"line":290,"column":9},"skip":true},"66":{"start":{"line":289,"column":12},"end":{"line":289,"column":18},"skip":true},"67":{"start":{"line":291,"column":8},"end":{"line":293,"column":54},"skip":true},"68":{"start":{"line":294,"column":8},"end":{"line":301,"column":37},"skip":true},"69":{"start":{"line":302,"column":8},"end":{"line":302,"column":82},"skip":true},"70":{"start":{"line":305,"column":8},"end":{"line":307,"column":9},"skip":true},"71":{"start":{"line":306,"column":12},"end":{"line":306,"column":82},"skip":true},"72":{"start":{"line":309,"column":8},"end":{"line":311,"column":9},"skip":true},"73":{"start":{"line":310,"column":12},"end":{"line":310,"column":18},"skip":true},"74":{"start":{"line":312,"column":8},"end":{"line":312,"column":54},"skip":true},"75":{"start":{"line":313,"column":8},"end":{"line":313,"column":69},"skip":true},"76":{"start":{"line":314,"column":8},"end":{"line":322,"column":36},"skip":true},"77":{"start":{"line":315,"column":12},"end":{"line":315,"column":61},"skip":true},"78":{"start":{"line":316,"column":12},"end":{"line":319,"column":13},"skip":true},"79":{"start":{"line":317,"column":16},"end":{"line":317,"column":75},"skip":true},"80":{"start":{"line":318,"column":16},"end":{"line":318,"column":23},"skip":true},"81":{"start":{"line":320,"column":12},"end":{"line":320,"column":38},"skip":true},"82":{"start":{"line":321,"column":12},"end":{"line":321,"column":27},"skip":true},"83":{"start":{"line":323,"column":8},"end":{"line":323,"column":14},"skip":true}},"branchMap":{"1":{"line":39,"type":"binary-expr","locations":[{"start":{"line":39,"column":23},"end":{"line":39,"column":62}},{"start":{"line":40,"column":20},"end":{"line":40,"column":70}},{"start":{"line":41,"column":20},"end":{"line":41,"column":71}},{"start":{"line":42,"column":20},"end":{"line":42,"column":29}}]},"2":{"line":44,"type":"binary-expr","locations":[{"start":{"line":44,"column":23},"end":{"line":44,"column":37}},{"start":{"line":45,"column":20},"end":{"line":45,"column":61}},{"start":{"line":46,"column":20},"end":{"line":46,"column":70}},{"start":{"line":47,"column":20},"end":{"line":47,"column":26}}]},"3":{"line":51,"type":"cond-expr","locations":[{"start":{"line":52,"column":14},"end":{"line":52,"column":20}},{"start":{"line":53,"column":14},"end":{"line":53,"column":20}}]},"4":{"line":55,"type":"binary-expr","locations":[{"start":{"line":55,"column":16},"end":{"line":55,"column":44}},{"start":{"line":55,"column":49},"end":{"line":57,"column":43}}]},"5":{"line":55,"type":"cond-expr","locations":[{"start":{"line":56,"column":14},"end":{"line":56,"column":48}},{"start":{"line":57,"column":14},"end":{"line":57,"column":43}}]},"6":{"line":61,"type":"switch","locations":[{"start":{"line":68,"column":4},"end":{"line":150,"column":14},"skip":true},{"start":{"line":156,"column":4},"end":{"line":323,"column":14},"skip":true}]},"7":{"line":70,"type":"if","locations":[{"start":{"line":70,"column":12},"end":{"line":70,"column":12},"skip":true},{"start":{"line":70,"column":12},"end":{"line":70,"column":12},"skip":true}]},"8":{"line":70,"type":"binary-expr","locations":[{"start":{"line":70,"column":16},"end":{"line":70,"column":22},"skip":true},{"start":{"line":70,"column":27},"end":{"line":70,"column":32},"skip":true},{"start":{"line":71,"column":20},"end":{"line":71,"column":39},"skip":true},{"start":{"line":72,"column":20},"end":{"line":72,"column":49},"skip":true},{"start":{"line":73,"column":20},"end":{"line":73,"column":58},"skip":true},{"start":{"line":74,"column":20},"end":{"line":74,"column":69},"skip":true}]},"9":{"line":79,"type":"switch","locations":[{"start":{"line":80,"column":20},"end":{"line":80,"column":33},"skip":true},{"start":{"line":81,"column":20},"end":{"line":83,"column":30},"skip":true},{"start":{"line":84,"column":20},"end":{"line":85,"column":49},"skip":true}]},"10":{"line":89,"type":"switch","locations":[{"start":{"line":90,"column":12},"end":{"line":103,"column":22},"skip":true},{"start":{"line":105,"column":12},"end":{"line":106,"column":22},"skip":true}]},"11":{"line":89,"type":"binary-expr","locations":[{"start":{"line":89,"column":20},"end":{"line":89,"column":25},"skip":true},{"start":{"line":89,"column":29},"end":{"line":89,"column":48},"skip":true},{"start":{"line":89,"column":52},"end":{"line":89,"column":74},"skip":true}]},"12":{"line":92,"type":"if","locations":[{"start":{"line":92,"column":16},"end":{"line":92,"column":16},"skip":true},{"start":{"line":92,"column":16},"end":{"line":92,"column":16},"skip":true}]},"13":{"line":108,"type":"if","locations":[{"start":{"line":108,"column":12},"end":{"line":108,"column":12},"skip":true},{"start":{"line":108,"column":12},"end":{"line":108,"column":12},"skip":true}]},"14":{"line":108,"type":"binary-expr","locations":[{"start":{"line":108,"column":16},"end":{"line":108,"column":61},"skip":true},{"start":{"line":108,"column":66},"end":{"line":108,"column":72},"skip":true},{"start":{"line":108,"column":77},"end":{"line":108,"column":82},"skip":true},{"start":{"line":109,"column":20},"end":{"line":109,"column":39},"skip":true},{"start":{"line":110,"column":20},"end":{"line":110,"column":49},"skip":true},{"start":{"line":111,"column":20},"end":{"line":111,"column":58},"skip":true},{"start":{"line":112,"column":20},"end":{"line":112,"column":68},"skip":true}]},"15":{"line":129,"type":"if","locations":[{"start":{"line":129,"column":16},"end":{"line":129,"column":16},"skip":true},{"start":{"line":129,"column":16},"end":{"line":129,"column":16},"skip":true}]},"16":{"line":134,"type":"cond-expr","locations":[{"start":{"line":135,"column":26},"end":{"line":135,"column":29},"skip":true},{"start":{"line":136,"column":26},"end":{"line":136,"column":54},"skip":true}]},"17":{"line":164,"type":"binary-expr","locations":[{"start":{"line":164,"column":27},"end":{"line":164,"column":43},"skip":true},{"start":{"line":164,"column":47},"end":{"line":164,"column":49},"skip":true}]},"18":{"line":258,"type":"if","locations":[{"start":{"line":258,"column":8},"end":{"line":258,"column":8},"skip":true},{"start":{"line":258,"column":8},"end":{"line":258,"column":8},"skip":true}]},"19":{"line":275,"type":"switch","locations":[{"start":{"line":276,"column":20},"end":{"line":277,"column":64},"skip":true},{"start":{"line":278,"column":20},"end":{"line":279,"column":40},"skip":true},{"start":{"line":280,"column":20},"end":{"line":281,"column":40},"skip":true},{"start":{"line":282,"column":20},"end":{"line":283,"column":39},"skip":true}]},"20":{"line":288,"type":"if","locations":[{"start":{"line":288,"column":8},"end":{"line":288,"column":8},"skip":true},{"start":{"line":288,"column":8},"end":{"line":288,"column":8},"skip":true}]},"21":{"line":288,"type":"binary-expr","locations":[{"start":{"line":288,"column":12},"end":{"line":288,"column":40},"skip":true},{"start":{"line":288,"column":44},"end":{"line":288,"column":67},"skip":true}]},"22":{"line":292,"type":"binary-expr","locations":[{"start":{"line":292,"column":12},"end":{"line":292,"column":50},"skip":true},{"start":{"line":293,"column":12},"end":{"line":293,"column":53},"skip":true}]},"23":{"line":295,"type":"binary-expr","locations":[{"start":{"line":295,"column":12},"end":{"line":295,"column":62},"skip":true},{"start":{"line":296,"column":12},"end":{"line":301,"column":36},"skip":true}]},"24":{"line":302,"type":"binary-expr","locations":[{"start":{"line":302,"column":43},"end":{"line":302,"column":75},"skip":true},{"start":{"line":302,"column":79},"end":{"line":302,"column":81},"skip":true}]},"25":{"line":305,"type":"if","locations":[{"start":{"line":305,"column":8},"end":{"line":305,"column":8},"skip":true},{"start":{"line":305,"column":8},"end":{"line":305,"column":8},"skip":true}]},"26":{"line":309,"type":"if","locations":[{"start":{"line":309,"column":8},"end":{"line":309,"column":8},"skip":true},{"start":{"line":309,"column":8},"end":{"line":309,"column":8},"skip":true}]},"27":{"line":312,"type":"binary-expr","locations":[{"start":{"line":312,"column":27},"end":{"line":312,"column":43},"skip":true},{"start":{"line":312,"column":47},"end":{"line":312,"column":53},"skip":true}]},"28":{"line":316,"type":"if","locations":[{"start":{"line":316,"column":12},"end":{"line":316,"column":12},"skip":true},{"start":{"line":316,"column":12},"end":{"line":316,"column":12},"skip":true}]}},"code":["/*","example.js","","quickstart example","","instruction","    1. save this script as example.js","    2. run the shell command:","        $ npm install npmtest-rpio && PORT=8081 node example.js","    3. play with the browser-demo on http://127.0.0.1:8081","*/","","","","/* istanbul instrument in package npmtest_rpio */","/*jslint","    bitwise: true,","    browser: true,","    maxerr: 8,","    maxlen: 96,","    node: true,","    nomen: true,","    regexp: true,","    stupid: true","*/","(function () {","    'use strict';","    var local;","","","","    // run shared js-env code - pre-init","    (function () {","        // init local","        local = {};","        // init modeJs","        local.modeJs = (function () {","            try {","                return typeof navigator.userAgent === 'string' &&","                    typeof document.querySelector('body') === 'object' &&","                    typeof XMLHttpRequest.prototype.open === 'function' &&","                    'browser';","            } catch (errorCaughtBrowser) {","                return module.exports &&","                    typeof process.versions.node === 'string' &&","                    typeof require('http').createServer === 'function' &&","                    'node';","            }","        }());","        // init global","        local.global = local.modeJs === 'browser'","            ? window","            : global;","        // init utility2_rollup","        local = local.global.utility2_rollup || (local.modeJs === 'browser'","            ? local.global.utility2_npmtest_rpio","            : global.utility2_moduleExports);","        // export local","        local.global.local = local;","    }());","    switch (local.modeJs) {","","","","    // post-init","    // run browser js-env code - post-init","    /* istanbul ignore next */","    case 'browser':","        local.testRunBrowser = function (event) {","            if (!event || (event &&","                    event.currentTarget &&","                    event.currentTarget.className &&","                    event.currentTarget.className.includes &&","                    event.currentTarget.className.includes('onreset'))) {","                // reset output","                Array.from(","                    document.querySelectorAll('body > .resettable')","                ).forEach(function (element) {","                    switch (element.tagName) {","                    case 'INPUT':","                    case 'TEXTAREA':","                        element.value = '';","                        break;","                    default:","                        element.textContent = '';","                    }","                });","            }","            switch (event && event.currentTarget && event.currentTarget.id) {","            case 'testRunButton1':","                // show tests","                if (document.querySelector('#testReportDiv1').style.display === 'none') {","                    document.querySelector('#testReportDiv1').style.display = 'block';","                    document.querySelector('#testRunButton1').textContent =","                        'hide internal test';","                    local.modeTest = true;","                    local.testRunDefault(local);","                // hide tests","                } else {","                    document.querySelector('#testReportDiv1').style.display = 'none';","                    document.querySelector('#testRunButton1').textContent = 'run internal test';","                }","                break;","            // custom-case","            default:","                break;","            }","            if (document.querySelector('#inputTextareaEval1') && (!event || (event &&","                    event.currentTarget &&","                    event.currentTarget.className &&","                    event.currentTarget.className.includes &&","                    event.currentTarget.className.includes('oneval')))) {","                // try to eval input-code","                try {","                    /*jslint evil: true*/","                    eval(document.querySelector('#inputTextareaEval1').value);","                } catch (errorCaught) {","                    console.error(errorCaught);","                }","            }","        };","        // log stderr and stdout to #outputTextareaStdout1","        ['error', 'log'].forEach(function (key) {","            console[key + '_original'] = console[key];","            console[key] = function () {","                var element;","                console[key + '_original'].apply(console, arguments);","                element = document.querySelector('#outputTextareaStdout1');","                if (!element) {","                    return;","                }","                // append text to #outputTextareaStdout1","                element.value += Array.from(arguments).map(function (arg) {","                    return typeof arg === 'string'","                        ? arg","                        : JSON.stringify(arg, null, 4);","                }).join(' ') + '\\n';","                // scroll textarea to bottom","                element.scrollTop = element.scrollHeight;","            };","        });","        // init event-handling","        ['change', 'click', 'keyup'].forEach(function (event) {","            Array.from(document.querySelectorAll('.on' + event)).forEach(function (element) {","                element.addEventListener(event, local.testRunBrowser);","            });","        });","        // run tests","        local.testRunBrowser();","        break;","","","","    // run node js-env code - post-init","    /* istanbul ignore next */","    case 'node':","        // export local","        module.exports = local;","        // require modules","        local.fs = require('fs');","        local.http = require('http');","        local.url = require('url');","        // init assets","        local.assetsDict = local.assetsDict || {};","        /* jslint-ignore-begin */","        local.assetsDict['/assets.index.template.html'] = '\\","<!doctype html>\\n\\","<html lang=\"en\">\\n\\","<head>\\n\\","<meta charset=\"UTF-8\">\\n\\","<meta name=\"viewport\" content=\"width=device-width, initial-scale=1\">\\n\\","<title>{{env.npm_package_name}} (v{{env.npm_package_version}})</title>\\n\\","<style>\\n\\","/*csslint\\n\\","    box-sizing: false,\\n\\","    universal-selector: false\\n\\","*/\\n\\","* {\\n\\","    box-sizing: border-box;\\n\\","}\\n\\","body {\\n\\","    background: #dde;\\n\\","    font-family: Arial, Helvetica, sans-serif;\\n\\","    margin: 2rem;\\n\\","}\\n\\","body > * {\\n\\","    margin-bottom: 1rem;\\n\\","}\\n\\",".utility2FooterDiv {\\n\\","    margin-top: 20px;\\n\\","    text-align: center;\\n\\","}\\n\\","</style>\\n\\","<style>\\n\\","/*csslint\\n\\","*/\\n\\","textarea {\\n\\","    font-family: monospace;\\n\\","    height: 10rem;\\n\\","    width: 100%;\\n\\","}\\n\\","textarea[readonly] {\\n\\","    background: #ddd;\\n\\","}\\n\\","</style>\\n\\","</head>\\n\\","<body>\\n\\","<!-- utility2-comment\\n\\","<div id=\"ajaxProgressDiv1\" style=\"background: #d00; height: 2px; left: 0; margin: 0; padding: 0; position: fixed; top: 0; transition: background 0.5s, width 1.5s; width: 25%;\"></div>\\n\\","utility2-comment -->\\n\\","<h1>\\n\\","<!-- utility2-comment\\n\\","    <a\\n\\","        {{#if env.npm_package_homepage}}\\n\\","        href=\"{{env.npm_package_homepage}}\"\\n\\","        {{/if env.npm_package_homepage}}\\n\\","        target=\"_blank\"\\n\\","    >\\n\\","utility2-comment -->\\n\\","        {{env.npm_package_name}} (v{{env.npm_package_version}})\\n\\","<!-- utility2-comment\\n\\","    </a>\\n\\","utility2-comment -->\\n\\","</h1>\\n\\","<h3>{{env.npm_package_description}}</h3>\\n\\","<!-- utility2-comment\\n\\","<h4><a download href=\"assets.app.js\">download standalone app</a></h4>\\n\\","<button class=\"onclick onreset\" id=\"testRunButton1\">run internal test</button><br>\\n\\","<div id=\"testReportDiv1\" style=\"display: none;\"></div>\\n\\","utility2-comment -->\\n\\","\\n\\","\\n\\","\\n\\","<label>stderr and stdout</label>\\n\\","<textarea class=\"resettable\" id=\"outputTextareaStdout1\" readonly></textarea>\\n\\","<!-- utility2-comment\\n\\","{{#if isRollup}}\\n\\","<script src=\"assets.app.js\"></script>\\n\\","{{#unless isRollup}}\\n\\","utility2-comment -->\\n\\","<script src=\"assets.utility2.rollup.js\"></script>\\n\\","<script src=\"jsonp.utility2._stateInit?callback=window.utility2._stateInit\"></script>\\n\\","<script src=\"assets.npmtest_rpio.rollup.js\"></script>\\n\\","<script src=\"assets.example.js\"></script>\\n\\","<script src=\"assets.test.js\"></script>\\n\\","<!-- utility2-comment\\n\\","{{/if isRollup}}\\n\\","utility2-comment -->\\n\\","<div class=\"utility2FooterDiv\">\\n\\","    [ this app was created with\\n\\","    <a href=\"https://github.com/kaizhu256/node-utility2\" target=\"_blank\">utility2</a>\\n\\","    ]\\n\\","</div>\\n\\","</body>\\n\\","</html>\\n\\","';","        /* jslint-ignore-end */","        if (local.templateRender) {","            local.assetsDict['/'] = local.templateRender(","                local.assetsDict['/assets.index.template.html'],","                {","                    env: local.objectSetDefault(local.env, {","                        npm_package_description: 'the greatest app in the world!',","                        npm_package_name: 'my-app',","                        npm_package_nameAlias: 'my_app',","                        npm_package_version: '0.0.1'","                    })","                }","            );","        } else {","            local.assetsDict['/'] = local.assetsDict['/assets.index.template.html']","                .replace((/\\{\\{env\\.(\\w+?)\\}\\}/g), function (match0, match1) {","                    // jslint-hack","                    String(match0);","                    switch (match1) {","                    case 'npm_package_description':","                        return 'the greatest app in the world!';","                    case 'npm_package_name':","                        return 'my-app';","                    case 'npm_package_nameAlias':","                        return 'my_app';","                    case 'npm_package_version':","                        return '0.0.1';","                    }","                });","        }","        // run the cli","        if (local.global.utility2_rollup || module !== require.main) {","            break;","        }","        local.assetsDict['/assets.example.js'] =","            local.assetsDict['/assets.example.js'] ||","            local.fs.readFileSync(__filename, 'utf8');","        local.assetsDict['/assets.npmtest_rpio.rollup.js'] =","            local.assetsDict['/assets.npmtest_rpio.rollup.js'] ||","            local.fs.readFileSync(","                // buildCustomOrg-hack","                local.npmtest_rpio.__dirname +","                    '/lib.npmtest_rpio.js',","                'utf8'","            ).replace((/^#!/), '//');","        local.assetsDict['/favicon.ico'] = local.assetsDict['/favicon.ico'] || '';","        // if $npm_config_timeout_exit exists,","        // then exit this process after $npm_config_timeout_exit ms","        if (Number(process.env.npm_config_timeout_exit)) {","            setTimeout(process.exit, Number(process.env.npm_config_timeout_exit));","        }","        // start server","        if (local.global.utility2_serverHttp1) {","            break;","        }","        process.env.PORT = process.env.PORT || '8081';","        console.error('server starting on port ' + process.env.PORT);","        local.http.createServer(function (request, response) {","            request.urlParsed = local.url.parse(request.url);","            if (local.assetsDict[request.urlParsed.pathname] !== undefined) {","                response.end(local.assetsDict[request.urlParsed.pathname]);","                return;","            }","            response.statusCode = 404;","            response.end();","        }).listen(process.env.PORT);","        break;","    }","}());",""],"l":{"26":2,"28":2,"33":2,"35":2,"37":2,"38":2,"39":2,"44":1,"51":2,"55":2,"59":2,"61":2,"69":1,"70":2,"76":2,"79":2,"82":2,"83":2,"85":1,"89":2,"92":1,"93":1,"94":1,"96":1,"97":1,"100":1,"101":1,"103":1,"106":1,"108":2,"114":1,"116":1,"118":1,"123":1,"124":2,"125":2,"126":3,"127":3,"128":3,"129":3,"130":1,"133":3,"134":3,"139":3,"143":1,"144":3,"145":1,"149":1,"150":1,"158":1,"160":1,"161":1,"162":1,"164":1,"166":1,"258":1,"259":1,"271":1,"274":6,"275":6,"277":1,"279":2,"281":1,"283":2,"288":1,"289":1,"291":1,"294":1,"302":1,"305":1,"306":1,"309":1,"310":1,"312":1,"313":1,"314":1,"315":1,"316":1,"317":1,"318":1,"320":1,"321":1,"323":1}},"/home/travis/build/npmtest/node-npmtest-rpio/node_modules/rpio/lib/rpio.js":{"path":"/home/travis/build/npmtest/node-npmtest-rpio/node_modules/rpio/lib/rpio.js","s":{"1":4,"2":4,"3":4,"4":4,"5":1,"6":0,"7":4,"8":4,"9":4,"10":4,"11":4,"12":4,"13":4,"14":4,"15":4,"16":4,"17":4,"18":4,"19":4,"20":4,"21":4,"22":4,"23":4,"24":1,"25":0,"26":0,"27":0,"28":0,"29":4,"30":4,"31":4,"32":4,"33":4,"34":4,"35":4,"36":4,"37":4,"38":4,"39":4,"40":4,"41":4,"42":4,"43":1,"44":4,"45":4,"46":0,"47":0,"48":4,"49":220,"50":220,"51":0,"52":0,"53":4,"54":0,"55":0,"56":0,"57":0,"58":0,"59":0,"60":4,"61":0,"62":4,"63":0,"64":0,"65":0,"66":0,"67":0,"68":1,"69":0,"70":0,"71":0,"72":0,"73":0,"74":0,"75":0,"76":0,"77":0,"78":0,"79":0,"80":0,"81":0,"82":1,"83":0,"84":0,"85":1,"86":0,"87":0,"88":0,"89":0,"90":0,"91":1,"92":0,"93":0,"94":0,"95":0,"96":0,"97":1,"98":0,"99":0,"100":0,"101":0,"102":0,"103":0,"104":0,"105":0,"106":0,"107":0,"108":0,"109":0,"110":0,"111":0,"112":0,"113":0,"114":0,"115":0,"116":0,"117":0,"118":0,"119":0,"120":0,"121":0,"122":0,"123":0,"124":0,"125":0,"126":0,"127":0,"128":0,"129":0,"130":0,"131":0,"132":0,"133":0,"134":0,"135":0,"136":0,"137":0,"138":0,"139":0,"140":0,"141":0,"142":0,"143":0,"144":0,"145":0,"146":0,"147":0,"148":0,"149":0,"150":0,"151":0,"152":0,"153":0,"154":0,"155":0,"156":0,"157":0,"158":0,"159":0,"160":0,"161":0,"162":0,"163":0,"164":0,"165":0,"166":0,"167":0,"168":0,"169":0,"170":0,"171":0,"172":0,"173":0,"174":0,"175":0,"176":0,"177":0,"178":0,"179":0,"180":0,"181":0,"182":0,"183":0,"184":0,"185":0,"186":0,"187":0,"188":0,"189":0,"190":0,"191":0,"192":0,"193":0,"194":0,"195":0,"196":0,"197":0,"198":0,"199":0,"200":0,"201":0,"202":0,"203":0,"204":0,"205":0,"206":0,"207":0,"208":0,"209":0,"210":0,"211":0,"212":0,"213":0,"214":0,"215":0,"216":0,"217":0,"218":0,"219":0,"220":0,"221":0,"222":0,"223":0,"224":0,"225":0,"226":0,"227":0,"228":0,"229":0,"230":0,"231":0,"232":0,"233":0,"234":0,"235":0,"236":0,"237":0,"238":0,"239":0,"240":0,"241":0,"242":0,"243":0,"244":0,"245":0,"246":0,"247":0,"248":0,"249":0,"250":0,"251":0,"252":0,"253":0,"254":0,"255":0,"256":0,"257":0,"258":0,"259":0,"260":0,"261":0,"262":0,"263":0,"264":0,"265":0,"266":0,"267":0,"268":0},"b":{"1":[0,0],"2":[0,0],"3":[0,220],"4":[0,0,0,0,0,0,0,0,0,0,0,0,0,0,0,0,0,0,0,0,0,4],"5":[0,0],"6":[0,0,0],"7":[0,0],"8":[0,0],"9":[0,0],"10":[0,0,0,0,0],"11":[0,0,0,0,0],"12":[0,0],"13":[0,0],"14":[0,0],"15":[0,0],"16":[0,0],"17":[0,0,0,0],"18":[0,0],"19":[0,0],"20":[0,0,0,0],"21":[0,0],"22":[0,0],"23":[0,0],"24":[0,0],"25":[0,0],"26":[0,0],"27":[0,0],"28":[0,0],"29":[0,0],"30":[0,0],"31":[0,0],"32":[0,0],"33":[0,0],"34":[0,0],"35":[0,0],"36":[0,0],"37":[0,0],"38":[0,0],"39":[0,0],"40":[0,0],"41":[0,0],"42":[0,0],"43":[0,0],"44":[0,0],"45":[0,0],"46":[0,0],"47":[0,0],"48":[0,0],"49":[0,0,0]},"f":{"1":0,"2":0,"3":4,"4":0,"5":220,"6":0,"7":0,"8":0,"9":0,"10":0,"11":0,"12":0,"13":0,"14":0,"15":0,"16":0,"17":0,"18":0,"19":0,"20":0,"21":0,"22":0,"23":0,"24":0,"25":0,"26":0,"27":0,"28":0,"29":0,"30":0,"31":0,"32":0,"33":0,"34":0,"35":0,"36":0,"37":0,"38":0,"39":0,"40":0,"41":0,"42":0,"43":0,"44":0,"45":0},"fnMap":{"1":{"name":"rpio","line":25,"loc":{"start":{"line":25,"column":0},"end":{"line":26,"column":0}}},"2":{"name":"event_poll","line":75,"loc":{"start":{"line":75,"column":0},"end":{"line":76,"column":0}}},"3":{"name":"setup_board","line":107,"loc":{"start":{"line":107,"column":0},"end":{"line":108,"column":0}}},"4":{"name":"(anonymous_4)","line":111,"loc":{"start":{"line":111,"column":53},"end":{"line":111,"column":67}}},"5":{"name":"(anonymous_5)","line":116,"loc":{"start":{"line":116,"column":40},"end":{"line":116,"column":56}}},"6":{"name":"pin_to_gpio","line":259,"loc":{"start":{"line":259,"column":0},"end":{"line":260,"column":0}}},"7":{"name":"check_sys_gpio","line":282,"loc":{"start":{"line":282,"column":0},"end":{"line":283,"column":0}}},"8":{"name":"get_pwm_function","line":288,"loc":{"start":{"line":288,"column":0},"end":{"line":289,"column":0}}},"9":{"name":"get_pwm_channel","line":304,"loc":{"start":{"line":304,"column":0},"end":{"line":305,"column":0}}},"10":{"name":"set_pin_pwm","line":320,"loc":{"start":{"line":320,"column":0},"end":{"line":321,"column":0}}},"11":{"name":"(anonymous_11)","line":348,"loc":{"start":{"line":348,"column":22},"end":{"line":349,"column":0}}},"12":{"name":"(anonymous_12)","line":367,"loc":{"start":{"line":367,"column":22},"end":{"line":368,"column":0}}},"13":{"name":"(anonymous_13)","line":396,"loc":{"start":{"line":396,"column":22},"end":{"line":397,"column":0}}},"14":{"name":"(anonymous_14)","line":412,"loc":{"start":{"line":412,"column":22},"end":{"line":413,"column":0}}},"15":{"name":"(anonymous_15)","line":417,"loc":{"start":{"line":417,"column":25},"end":{"line":418,"column":0}}},"16":{"name":"(anonymous_16)","line":428,"loc":{"start":{"line":428,"column":23},"end":{"line":429,"column":0}}},"17":{"name":"(anonymous_17)","line":433,"loc":{"start":{"line":433,"column":26},"end":{"line":434,"column":0}}},"18":{"name":"(anonymous_18)","line":444,"loc":{"start":{"line":444,"column":25},"end":{"line":445,"column":0}}},"19":{"name":"(anonymous_19)","line":452,"loc":{"start":{"line":452,"column":26},"end":{"line":453,"column":0}}},"20":{"name":"(anonymous_20)","line":460,"loc":{"start":{"line":460,"column":21},"end":{"line":461,"column":0}}},"21":{"name":"(anonymous_21)","line":465,"loc":{"start":{"line":465,"column":22},"end":{"line":466,"column":0}}},"22":{"name":"(anonymous_22)","line":482,"loc":{"start":{"line":482,"column":14},"end":{"line":482,"column":25}}},"23":{"name":"(anonymous_23)","line":510,"loc":{"start":{"line":510,"column":23},"end":{"line":511,"column":0}}},"24":{"name":"(anonymous_24)","line":530,"loc":{"start":{"line":530,"column":36},"end":{"line":531,"column":0}}},"25":{"name":"(anonymous_25)","line":538,"loc":{"start":{"line":538,"column":29},"end":{"line":539,"column":0}}},"26":{"name":"(anonymous_26)","line":545,"loc":{"start":{"line":545,"column":28},"end":{"line":546,"column":0}}},"27":{"name":"(anonymous_27)","line":555,"loc":{"start":{"line":555,"column":26},"end":{"line":556,"column":0}}},"28":{"name":"(anonymous_28)","line":569,"loc":{"start":{"line":569,"column":36},"end":{"line":570,"column":0}}},"29":{"name":"(anonymous_29)","line":574,"loc":{"start":{"line":574,"column":36},"end":{"line":575,"column":0}}},"30":{"name":"(anonymous_30)","line":582,"loc":{"start":{"line":582,"column":32},"end":{"line":583,"column":0}}},"31":{"name":"(anonymous_31)","line":587,"loc":{"start":{"line":587,"column":25},"end":{"line":588,"column":0}}},"32":{"name":"(anonymous_32)","line":598,"loc":{"start":{"line":598,"column":26},"end":{"line":599,"column":0}}},"33":{"name":"(anonymous_33)","line":609,"loc":{"start":{"line":609,"column":24},"end":{"line":610,"column":0}}},"34":{"name":"(anonymous_34)","line":617,"loc":{"start":{"line":617,"column":26},"end":{"line":618,"column":0}}},"35":{"name":"(anonymous_35)","line":631,"loc":{"start":{"line":631,"column":31},"end":{"line":632,"column":0}}},"36":{"name":"(anonymous_36)","line":636,"loc":{"start":{"line":636,"column":34},"end":{"line":637,"column":0}}},"37":{"name":"(anonymous_37)","line":641,"loc":{"start":{"line":641,"column":36},"end":{"line":642,"column":0}}},"38":{"name":"(anonymous_38)","line":649,"loc":{"start":{"line":649,"column":32},"end":{"line":650,"column":0}}},"39":{"name":"(anonymous_39)","line":654,"loc":{"start":{"line":654,"column":29},"end":{"line":655,"column":0}}},"40":{"name":"(anonymous_40)","line":659,"loc":{"start":{"line":659,"column":26},"end":{"line":660,"column":0}}},"41":{"name":"(anonymous_41)","line":664,"loc":{"start":{"line":664,"column":24},"end":{"line":665,"column":0}}},"42":{"name":"(anonymous_42)","line":672,"loc":{"start":{"line":672,"column":23},"end":{"line":673,"column":0}}},"43":{"name":"(anonymous_43)","line":677,"loc":{"start":{"line":677,"column":24},"end":{"line":678,"column":0}}},"44":{"name":"(anonymous_44)","line":682,"loc":{"start":{"line":682,"column":24},"end":{"line":683,"column":0}}},"45":{"name":"(anonymous_45)","line":687,"loc":{"start":{"line":687,"column":19},"end":{"line":687,"column":35}}}},"statementMap":{"1":{"start":{"line":17,"column":0},"end":{"line":17,"column":42}},"2":{"start":{"line":18,"column":0},"end":{"line":18,"column":23}},"3":{"start":{"line":19,"column":0},"end":{"line":19,"column":27}},"4":{"start":{"line":20,"column":0},"end":{"line":20,"column":50}},"5":{"start":{"line":25,"column":0},"end":{"line":28,"column":1}},"6":{"start":{"line":27,"column":1},"end":{"line":27,"column":25}},"7":{"start":{"line":29,"column":0},"end":{"line":29,"column":34}},"8":{"start":{"line":34,"column":0},"end":{"line":34,"column":25}},"9":{"start":{"line":35,"column":0},"end":{"line":35,"column":26}},"10":{"start":{"line":41,"column":0},"end":{"line":41,"column":27}},"11":{"start":{"line":42,"column":0},"end":{"line":42,"column":28}},"12":{"start":{"line":43,"column":0},"end":{"line":43,"column":25}},"13":{"start":{"line":48,"column":0},"end":{"line":48,"column":30}},"14":{"start":{"line":49,"column":0},"end":{"line":49,"column":31}},"15":{"start":{"line":50,"column":0},"end":{"line":50,"column":29}},"16":{"start":{"line":55,"column":0},"end":{"line":55,"column":30}},"17":{"start":{"line":56,"column":0},"end":{"line":56,"column":31}},"18":{"start":{"line":57,"column":0},"end":{"line":57,"column":31}},"19":{"start":{"line":62,"column":0},"end":{"line":62,"column":34}},"20":{"start":{"line":63,"column":0},"end":{"line":63,"column":31}},"21":{"start":{"line":71,"column":0},"end":{"line":71,"column":20}},"22":{"start":{"line":72,"column":0},"end":{"line":72,"column":21}},"23":{"start":{"line":73,"column":0},"end":{"line":73,"column":26}},"24":{"start":{"line":75,"column":0},"end":{"line":83,"column":1}},"25":{"start":{"line":77,"column":1},"end":{"line":77,"column":50}},"26":{"start":{"line":79,"column":1},"end":{"line":82,"column":2}},"27":{"start":{"line":80,"column":2},"end":{"line":81,"column":40}},"28":{"start":{"line":81,"column":3},"end":{"line":81,"column":40}},"29":{"start":{"line":88,"column":0},"end":{"line":88,"column":37}},"30":{"start":{"line":89,"column":0},"end":{"line":89,"column":37}},"31":{"start":{"line":90,"column":0},"end":{"line":90,"column":37}},"32":{"start":{"line":92,"column":0},"end":{"line":92,"column":41}},"33":{"start":{"line":93,"column":0},"end":{"line":93,"column":41}},"34":{"start":{"line":94,"column":0},"end":{"line":94,"column":41}},"35":{"start":{"line":95,"column":0},"end":{"line":95,"column":41}},"36":{"start":{"line":96,"column":0},"end":{"line":96,"column":41}},"37":{"start":{"line":97,"column":0},"end":{"line":97,"column":41}},"38":{"start":{"line":98,"column":0},"end":{"line":98,"column":41}},"39":{"start":{"line":99,"column":0},"end":{"line":99,"column":41}},"40":{"start":{"line":100,"column":0},"end":{"line":100,"column":41}},"41":{"start":{"line":101,"column":0},"end":{"line":101,"column":41}},"42":{"start":{"line":106,"column":0},"end":{"line":106,"column":12}},"43":{"start":{"line":107,"column":0},"end":{"line":156,"column":1}},"44":{"start":{"line":109,"column":1},"end":{"line":109,"column":30}},"45":{"start":{"line":111,"column":1},"end":{"line":114,"column":4}},"46":{"start":{"line":112,"column":2},"end":{"line":113,"column":13}},"47":{"start":{"line":113,"column":3},"end":{"line":113,"column":13}},"48":{"start":{"line":116,"column":1},"end":{"line":122,"column":4}},"49":{"start":{"line":117,"column":2},"end":{"line":117,"column":42}},"50":{"start":{"line":118,"column":2},"end":{"line":121,"column":3}},"51":{"start":{"line":119,"column":3},"end":{"line":119,"column":37}},"52":{"start":{"line":120,"column":3},"end":{"line":120,"column":10}},"53":{"start":{"line":124,"column":1},"end":{"line":155,"column":2}},"54":{"start":{"line":127,"column":2},"end":{"line":127,"column":21}},"55":{"start":{"line":128,"column":2},"end":{"line":128,"column":8}},"56":{"start":{"line":138,"column":2},"end":{"line":138,"column":21}},"57":{"start":{"line":139,"column":2},"end":{"line":139,"column":8}},"58":{"start":{"line":150,"column":2},"end":{"line":150,"column":21}},"59":{"start":{"line":151,"column":2},"end":{"line":151,"column":8}},"60":{"start":{"line":153,"column":2},"end":{"line":153,"column":45}},"61":{"start":{"line":154,"column":2},"end":{"line":154,"column":8}},"62":{"start":{"line":157,"column":0},"end":{"line":157,"column":14}},"63":{"start":{"line":163,"column":0},"end":{"line":163,"column":24}},"64":{"start":{"line":164,"column":0},"end":{"line":167,"column":2}},"65":{"start":{"line":172,"column":0},"end":{"line":184,"column":1}},"66":{"start":{"line":188,"column":0},"end":{"line":188,"column":18}},"67":{"start":{"line":189,"column":0},"end":{"line":257,"column":1}},"68":{"start":{"line":259,"column":0},"end":{"line":280,"column":1}},"69":{"start":{"line":261,"column":1},"end":{"line":262,"column":23}},"70":{"start":{"line":262,"column":2},"end":{"line":262,"column":23}},"71":{"start":{"line":264,"column":1},"end":{"line":277,"column":2}},"72":{"start":{"line":266,"column":2},"end":{"line":267,"column":23}},"73":{"start":{"line":267,"column":3},"end":{"line":267,"column":23}},"74":{"start":{"line":268,"column":2},"end":{"line":268,"column":39}},"75":{"start":{"line":269,"column":2},"end":{"line":269,"column":8}},"76":{"start":{"line":271,"column":2},"end":{"line":272,"column":23}},"77":{"start":{"line":272,"column":3},"end":{"line":272,"column":23}},"78":{"start":{"line":273,"column":2},"end":{"line":273,"column":22}},"79":{"start":{"line":274,"column":2},"end":{"line":274,"column":8}},"80":{"start":{"line":276,"column":2},"end":{"line":276,"column":32}},"81":{"start":{"line":279,"column":1},"end":{"line":279,"column":22}},"82":{"start":{"line":282,"column":0},"end":{"line":286,"column":1}},"83":{"start":{"line":284,"column":1},"end":{"line":285,"column":65}},"84":{"start":{"line":285,"column":2},"end":{"line":285,"column":65}},"85":{"start":{"line":288,"column":0},"end":{"line":302,"column":1}},"86":{"start":{"line":290,"column":1},"end":{"line":290,"column":32}},"87":{"start":{"line":292,"column":1},"end":{"line":301,"column":2}},"88":{"start":{"line":295,"column":2},"end":{"line":295,"column":11}},"89":{"start":{"line":298,"column":2},"end":{"line":298,"column":11}},"90":{"start":{"line":300,"column":2},"end":{"line":300,"column":56}},"91":{"start":{"line":304,"column":0},"end":{"line":318,"column":1}},"92":{"start":{"line":306,"column":1},"end":{"line":306,"column":32}},"93":{"start":{"line":308,"column":1},"end":{"line":317,"column":2}},"94":{"start":{"line":311,"column":2},"end":{"line":311,"column":11}},"95":{"start":{"line":314,"column":2},"end":{"line":314,"column":11}},"96":{"start":{"line":316,"column":2},"end":{"line":316,"column":45}},"97":{"start":{"line":320,"column":0},"end":{"line":343,"column":1}},"98":{"start":{"line":322,"column":1},"end":{"line":322,"column":32}},"99":{"start":{"line":323,"column":1},"end":{"line":323,"column":19}},"100":{"start":{"line":325,"column":1},"end":{"line":326,"column":44}},"101":{"start":{"line":326,"column":2},"end":{"line":326,"column":44}},"102":{"start":{"line":328,"column":1},"end":{"line":328,"column":25}},"103":{"start":{"line":334,"column":1},"end":{"line":334,"column":32}},"104":{"start":{"line":335,"column":1},"end":{"line":335,"column":30}},"105":{"start":{"line":337,"column":1},"end":{"line":337,"column":38}},"106":{"start":{"line":342,"column":1},"end":{"line":342,"column":37}},"107":{"start":{"line":348,"column":0},"end":{"line":365,"column":1}},"108":{"start":{"line":350,"column":1},"end":{"line":350,"column":19}},"109":{"start":{"line":352,"column":1},"end":{"line":355,"column":2}},"110":{"start":{"line":353,"column":2},"end":{"line":354,"column":29}},"111":{"start":{"line":354,"column":3},"end":{"line":354,"column":29}},"112":{"start":{"line":358,"column":1},"end":{"line":358,"column":15}},"113":{"start":{"line":363,"column":1},"end":{"line":363,"column":49}},"114":{"start":{"line":364,"column":1},"end":{"line":364,"column":20}},"115":{"start":{"line":367,"column":0},"end":{"line":394,"column":1}},"116":{"start":{"line":369,"column":1},"end":{"line":369,"column":32}},"117":{"start":{"line":371,"column":1},"end":{"line":376,"column":2}},"118":{"start":{"line":373,"column":2},"end":{"line":374,"column":32}},"119":{"start":{"line":374,"column":3},"end":{"line":374,"column":32}},"120":{"start":{"line":375,"column":2},"end":{"line":375,"column":24}},"121":{"start":{"line":378,"column":1},"end":{"line":378,"column":25}},"122":{"start":{"line":380,"column":1},"end":{"line":393,"column":2}},"123":{"start":{"line":382,"column":2},"end":{"line":383,"column":35}},"124":{"start":{"line":383,"column":3},"end":{"line":383,"column":35}},"125":{"start":{"line":384,"column":2},"end":{"line":384,"column":62}},"126":{"start":{"line":386,"column":2},"end":{"line":387,"column":37}},"127":{"start":{"line":387,"column":3},"end":{"line":387,"column":37}},"128":{"start":{"line":388,"column":2},"end":{"line":388,"column":63}},"129":{"start":{"line":390,"column":2},"end":{"line":390,"column":26}},"130":{"start":{"line":392,"column":2},"end":{"line":392,"column":35}},"131":{"start":{"line":396,"column":0},"end":{"line":410,"column":1}},"132":{"start":{"line":398,"column":1},"end":{"line":398,"column":32}},"133":{"start":{"line":400,"column":1},"end":{"line":409,"column":2}},"134":{"start":{"line":402,"column":2},"end":{"line":402,"column":62}},"135":{"start":{"line":404,"column":2},"end":{"line":404,"column":63}},"136":{"start":{"line":406,"column":2},"end":{"line":406,"column":26}},"137":{"start":{"line":408,"column":2},"end":{"line":408,"column":35}},"138":{"start":{"line":412,"column":0},"end":{"line":415,"column":1}},"139":{"start":{"line":414,"column":1},"end":{"line":414,"column":44}},"140":{"start":{"line":417,"column":0},"end":{"line":426,"column":1}},"141":{"start":{"line":419,"column":1},"end":{"line":420,"column":19}},"142":{"start":{"line":420,"column":2},"end":{"line":420,"column":19}},"143":{"start":{"line":422,"column":1},"end":{"line":423,"column":57}},"144":{"start":{"line":423,"column":2},"end":{"line":423,"column":57}},"145":{"start":{"line":425,"column":1},"end":{"line":425,"column":57}},"146":{"start":{"line":428,"column":0},"end":{"line":431,"column":1}},"147":{"start":{"line":430,"column":1},"end":{"line":430,"column":52}},"148":{"start":{"line":433,"column":0},"end":{"line":442,"column":1}},"149":{"start":{"line":435,"column":1},"end":{"line":436,"column":19}},"150":{"start":{"line":436,"column":2},"end":{"line":436,"column":19}},"151":{"start":{"line":438,"column":1},"end":{"line":439,"column":57}},"152":{"start":{"line":439,"column":2},"end":{"line":439,"column":57}},"153":{"start":{"line":441,"column":1},"end":{"line":441,"column":58}},"154":{"start":{"line":444,"column":0},"end":{"line":450,"column":1}},"155":{"start":{"line":446,"column":1},"end":{"line":447,"column":52}},"156":{"start":{"line":447,"column":2},"end":{"line":447,"column":52}},"157":{"start":{"line":449,"column":1},"end":{"line":449,"column":37}},"158":{"start":{"line":452,"column":0},"end":{"line":458,"column":1}},"159":{"start":{"line":454,"column":1},"end":{"line":455,"column":52}},"160":{"start":{"line":455,"column":2},"end":{"line":455,"column":52}},"161":{"start":{"line":457,"column":1},"end":{"line":457,"column":40}},"162":{"start":{"line":460,"column":0},"end":{"line":463,"column":1}},"163":{"start":{"line":462,"column":1},"end":{"line":462,"column":43}},"164":{"start":{"line":465,"column":0},"end":{"line":508,"column":1}},"165":{"start":{"line":467,"column":1},"end":{"line":467,"column":32}},"166":{"start":{"line":469,"column":1},"end":{"line":470,"column":39}},"167":{"start":{"line":470,"column":2},"end":{"line":470,"column":39}},"168":{"start":{"line":476,"column":1},"end":{"line":507,"column":2}},"169":{"start":{"line":477,"column":2},"end":{"line":478,"column":59}},"170":{"start":{"line":478,"column":3},"end":{"line":478,"column":59}},"171":{"start":{"line":480,"column":2},"end":{"line":480,"column":45}},"172":{"start":{"line":482,"column":2},"end":{"line":484,"column":4}},"173":{"start":{"line":483,"column":3},"end":{"line":483,"column":11}},"174":{"start":{"line":485,"column":2},"end":{"line":485,"column":53}},"175":{"start":{"line":487,"column":2},"end":{"line":487,"column":30}},"176":{"start":{"line":488,"column":2},"end":{"line":488,"column":31}},"177":{"start":{"line":490,"column":2},"end":{"line":491,"column":46}},"178":{"start":{"line":491,"column":3},"end":{"line":491,"column":46}},"179":{"start":{"line":493,"column":2},"end":{"line":494,"column":55}},"180":{"start":{"line":494,"column":3},"end":{"line":494,"column":55}},"181":{"start":{"line":496,"column":2},"end":{"line":496,"column":36}},"182":{"start":{"line":498,"column":2},"end":{"line":498,"column":70}},"183":{"start":{"line":500,"column":2},"end":{"line":500,"column":29}},"184":{"start":{"line":501,"column":2},"end":{"line":501,"column":32}},"185":{"start":{"line":503,"column":2},"end":{"line":506,"column":3}},"186":{"start":{"line":504,"column":3},"end":{"line":504,"column":32}},"187":{"start":{"line":505,"column":3},"end":{"line":505,"column":25}},"188":{"start":{"line":510,"column":0},"end":{"line":525,"column":1}},"189":{"start":{"line":512,"column":1},"end":{"line":512,"column":32}},"190":{"start":{"line":514,"column":1},"end":{"line":515,"column":35}},"191":{"start":{"line":515,"column":2},"end":{"line":515,"column":35}},"192":{"start":{"line":517,"column":1},"end":{"line":518,"column":33}},"193":{"start":{"line":518,"column":2},"end":{"line":518,"column":33}},"194":{"start":{"line":520,"column":1},"end":{"line":524,"column":2}},"195":{"start":{"line":521,"column":2},"end":{"line":522,"column":52}},"196":{"start":{"line":522,"column":3},"end":{"line":522,"column":52}},"197":{"start":{"line":523,"column":2},"end":{"line":523,"column":49}},"198":{"start":{"line":530,"column":0},"end":{"line":536,"column":1}},"199":{"start":{"line":532,"column":1},"end":{"line":533,"column":53}},"200":{"start":{"line":533,"column":2},"end":{"line":533,"column":53}},"201":{"start":{"line":535,"column":1},"end":{"line":535,"column":39}},"202":{"start":{"line":538,"column":0},"end":{"line":543,"column":1}},"203":{"start":{"line":540,"column":1},"end":{"line":540,"column":36}},"204":{"start":{"line":542,"column":1},"end":{"line":542,"column":46}},"205":{"start":{"line":545,"column":0},"end":{"line":550,"column":1}},"206":{"start":{"line":547,"column":1},"end":{"line":547,"column":36}},"207":{"start":{"line":549,"column":1},"end":{"line":549,"column":44}},"208":{"start":{"line":555,"column":0},"end":{"line":567,"column":1}},"209":{"start":{"line":557,"column":1},"end":{"line":561,"column":2}},"210":{"start":{"line":559,"column":2},"end":{"line":559,"column":31}},"211":{"start":{"line":560,"column":2},"end":{"line":560,"column":24}},"212":{"start":{"line":563,"column":1},"end":{"line":564,"column":44}},"213":{"start":{"line":564,"column":2},"end":{"line":564,"column":44}},"214":{"start":{"line":566,"column":1},"end":{"line":566,"column":21}},"215":{"start":{"line":569,"column":0},"end":{"line":572,"column":1}},"216":{"start":{"line":571,"column":1},"end":{"line":571,"column":44}},"217":{"start":{"line":574,"column":0},"end":{"line":580,"column":1}},"218":{"start":{"line":576,"column":1},"end":{"line":577,"column":47}},"219":{"start":{"line":577,"column":2},"end":{"line":577,"column":47}},"220":{"start":{"line":579,"column":1},"end":{"line":579,"column":47}},"221":{"start":{"line":582,"column":0},"end":{"line":585,"column":1}},"222":{"start":{"line":584,"column":1},"end":{"line":584,"column":39}},"223":{"start":{"line":587,"column":0},"end":{"line":596,"column":1}},"224":{"start":{"line":589,"column":1},"end":{"line":590,"column":19}},"225":{"start":{"line":590,"column":2},"end":{"line":590,"column":19}},"226":{"start":{"line":592,"column":1},"end":{"line":593,"column":57}},"227":{"start":{"line":593,"column":2},"end":{"line":593,"column":57}},"228":{"start":{"line":595,"column":1},"end":{"line":595,"column":35}},"229":{"start":{"line":598,"column":0},"end":{"line":607,"column":1}},"230":{"start":{"line":600,"column":1},"end":{"line":601,"column":19}},"231":{"start":{"line":601,"column":2},"end":{"line":601,"column":19}},"232":{"start":{"line":603,"column":1},"end":{"line":604,"column":57}},"233":{"start":{"line":604,"column":2},"end":{"line":604,"column":57}},"234":{"start":{"line":606,"column":1},"end":{"line":606,"column":36}},"235":{"start":{"line":609,"column":0},"end":{"line":612,"column":1}},"236":{"start":{"line":611,"column":1},"end":{"line":611,"column":19}},"237":{"start":{"line":617,"column":0},"end":{"line":629,"column":1}},"238":{"start":{"line":619,"column":1},"end":{"line":623,"column":2}},"239":{"start":{"line":621,"column":2},"end":{"line":621,"column":31}},"240":{"start":{"line":622,"column":2},"end":{"line":622,"column":24}},"241":{"start":{"line":625,"column":1},"end":{"line":626,"column":44}},"242":{"start":{"line":626,"column":2},"end":{"line":626,"column":44}},"243":{"start":{"line":628,"column":1},"end":{"line":628,"column":21}},"244":{"start":{"line":631,"column":0},"end":{"line":634,"column":1}},"245":{"start":{"line":633,"column":1},"end":{"line":633,"column":36}},"246":{"start":{"line":636,"column":0},"end":{"line":639,"column":1}},"247":{"start":{"line":638,"column":1},"end":{"line":638,"column":48}},"248":{"start":{"line":641,"column":0},"end":{"line":647,"column":1}},"249":{"start":{"line":643,"column":1},"end":{"line":644,"column":67}},"250":{"start":{"line":644,"column":2},"end":{"line":644,"column":67}},"251":{"start":{"line":646,"column":1},"end":{"line":646,"column":47}},"252":{"start":{"line":649,"column":0},"end":{"line":652,"column":1}},"253":{"start":{"line":651,"column":1},"end":{"line":651,"column":40}},"254":{"start":{"line":654,"column":0},"end":{"line":657,"column":1}},"255":{"start":{"line":656,"column":1},"end":{"line":656,"column":48}},"256":{"start":{"line":659,"column":0},"end":{"line":662,"column":1}},"257":{"start":{"line":661,"column":1},"end":{"line":661,"column":36}},"258":{"start":{"line":664,"column":0},"end":{"line":667,"column":1}},"259":{"start":{"line":666,"column":1},"end":{"line":666,"column":19}},"260":{"start":{"line":672,"column":0},"end":{"line":675,"column":1}},"261":{"start":{"line":674,"column":1},"end":{"line":674,"column":37}},"262":{"start":{"line":677,"column":0},"end":{"line":680,"column":1}},"263":{"start":{"line":679,"column":1},"end":{"line":679,"column":35}},"264":{"start":{"line":682,"column":0},"end":{"line":685,"column":1}},"265":{"start":{"line":684,"column":1},"end":{"line":684,"column":28}},"266":{"start":{"line":687,"column":0},"end":{"line":689,"column":3}},"267":{"start":{"line":688,"column":1},"end":{"line":688,"column":22}},"268":{"start":{"line":691,"column":0},"end":{"line":691,"column":26}}},"branchMap":{"1":{"line":80,"type":"if","locations":[{"start":{"line":80,"column":2},"end":{"line":80,"column":2}},{"start":{"line":80,"column":2},"end":{"line":80,"column":2}}]},"2":{"line":112,"type":"if","locations":[{"start":{"line":112,"column":2},"end":{"line":112,"column":2}},{"start":{"line":112,"column":2},"end":{"line":112,"column":2}}]},"3":{"line":118,"type":"if","locations":[{"start":{"line":118,"column":2},"end":{"line":118,"column":2}},{"start":{"line":118,"column":2},"end":{"line":118,"column":2}}]},"4":{"line":124,"type":"switch","locations":[{"start":{"line":125,"column":1},"end":{"line":125,"column":10}},{"start":{"line":126,"column":1},"end":{"line":128,"column":8}},{"start":{"line":129,"column":1},"end":{"line":129,"column":10}},{"start":{"line":130,"column":1},"end":{"line":130,"column":10}},{"start":{"line":131,"column":1},"end":{"line":131,"column":10}},{"start":{"line":132,"column":1},"end":{"line":132,"column":10}},{"start":{"line":133,"column":1},"end":{"line":133,"column":10}},{"start":{"line":134,"column":1},"end":{"line":134,"column":10}},{"start":{"line":135,"column":1},"end":{"line":135,"column":10}},{"start":{"line":136,"column":1},"end":{"line":136,"column":10}},{"start":{"line":137,"column":1},"end":{"line":139,"column":8}},{"start":{"line":140,"column":1},"end":{"line":140,"column":11}},{"start":{"line":141,"column":1},"end":{"line":141,"column":11}},{"start":{"line":142,"column":1},"end":{"line":142,"column":11}},{"start":{"line":143,"column":1},"end":{"line":143,"column":11}},{"start":{"line":144,"column":1},"end":{"line":144,"column":11}},{"start":{"line":145,"column":1},"end":{"line":145,"column":11}},{"start":{"line":146,"column":1},"end":{"line":146,"column":11}},{"start":{"line":147,"column":1},"end":{"line":147,"column":13}},{"start":{"line":148,"column":1},"end":{"line":148,"column":13}},{"start":{"line":149,"column":1},"end":{"line":151,"column":8}},{"start":{"line":152,"column":1},"end":{"line":154,"column":8}}]},"5":{"line":261,"type":"if","locations":[{"start":{"line":261,"column":1},"end":{"line":261,"column":1}},{"start":{"line":261,"column":1},"end":{"line":261,"column":1}}]},"6":{"line":264,"type":"switch","locations":[{"start":{"line":265,"column":1},"end":{"line":269,"column":8}},{"start":{"line":270,"column":1},"end":{"line":274,"column":8}},{"start":{"line":275,"column":1},"end":{"line":276,"column":32}}]},"7":{"line":266,"type":"if","locations":[{"start":{"line":266,"column":2},"end":{"line":266,"column":2}},{"start":{"line":266,"column":2},"end":{"line":266,"column":2}}]},"8":{"line":271,"type":"if","locations":[{"start":{"line":271,"column":2},"end":{"line":271,"column":2}},{"start":{"line":271,"column":2},"end":{"line":271,"column":2}}]},"9":{"line":284,"type":"if","locations":[{"start":{"line":284,"column":1},"end":{"line":284,"column":1}},{"start":{"line":284,"column":1},"end":{"line":284,"column":1}}]},"10":{"line":292,"type":"switch","locations":[{"start":{"line":293,"column":1},"end":{"line":293,"column":9}},{"start":{"line":294,"column":1},"end":{"line":295,"column":11}},{"start":{"line":296,"column":1},"end":{"line":296,"column":9}
[...]
":1},"end":{"line":532,"column":1}},{"start":{"line":532,"column":1},"end":{"line":532,"column":1}}]},"38":{"line":532,"type":"binary-expr","locations":[{"start":{"line":532,"column":5},"end":{"line":532,"column":18}},{"start":{"line":532,"column":22},"end":{"line":532,"column":53}}]},"39":{"line":557,"type":"if","locations":[{"start":{"line":557,"column":1},"end":{"line":557,"column":1}},{"start":{"line":557,"column":1},"end":{"line":557,"column":1}}]},"40":{"line":563,"type":"if","locations":[{"start":{"line":563,"column":1},"end":{"line":563,"column":1}},{"start":{"line":563,"column":1},"end":{"line":563,"column":1}}]},"41":{"line":576,"type":"if","locations":[{"start":{"line":576,"column":1},"end":{"line":576,"column":1}},{"start":{"line":576,"column":1},"end":{"line":576,"column":1}}]},"42":{"line":589,"type":"if","locations":[{"start":{"line":589,"column":1},"end":{"line":589,"column":1}},{"start":{"line":589,"column":1},"end":{"line":589,"column":1}}]},"43":{"line":592,"type":"if","locations":[{"start":{"line":592,"column":1},"end":{"line":592,"column":1}},{"start":{"line":592,"column":1},"end":{"line":592,"column":1}}]},"44":{"line":600,"type":"if","locations":[{"start":{"line":600,"column":1},"end":{"line":600,"column":1}},{"start":{"line":600,"column":1},"end":{"line":600,"column":1}}]},"45":{"line":603,"type":"if","locations":[{"start":{"line":603,"column":1},"end":{"line":603,"column":1}},{"start":{"line":603,"column":1},"end":{"line":603,"column":1}}]},"46":{"line":619,"type":"if","locations":[{"start":{"line":619,"column":1},"end":{"line":619,"column":1}},{"start":{"line":619,"column":1},"end":{"line":619,"column":1}}]},"47":{"line":625,"type":"if","locations":[{"start":{"line":625,"column":1},"end":{"line":625,"column":1}},{"start":{"line":625,"column":1},"end":{"line":625,"column":1}}]},"48":{"line":643,"type":"if","locations":[{"start":{"line":643,"column":1},"end":{"line":643,"column":1}},{"start":{"line":643,"column":1},"end":{"line":643,"column":1}}]},"49":{"line":643,"type":"binary-expr","locations":[{"start":{"line":643,"column":5},"end":{"line":643,"column":24}},{"start":{"line":643,"column":28},"end":{"line":643,"column":39}},{"start":{"line":643,"column":43},"end":{"line":643,"column":58}}]}},"code":["/*"," * Copyright (c) 2015 Jonathan Perkin <jonathan@perkin.org.uk>"," *"," * Permission to use, copy, modify, and distribute this software for any"," * purpose with or without fee is hereby granted, provided that the above"," * copyright notice and this permission notice appear in all copies."," *"," * THE SOFTWARE IS PROVIDED \"AS IS\" AND THE AUTHOR DISCLAIMS ALL WARRANTIES"," * WITH REGARD TO THIS SOFTWARE INCLUDING ALL IMPLIED WARRANTIES OF"," * MERCHANTABILITY AND FITNESS. IN NO EVENT SHALL THE AUTHOR BE LIABLE FOR"," * ANY SPECIAL, DIRECT, INDIRECT, OR CONSEQUENTIAL DAMAGES OR ANY DAMAGES"," * WHATSOEVER RESULTING FROM LOSS OF USE, DATA OR PROFITS, WHETHER IN AN"," * ACTION OF CONTRACT, NEGLIGENCE OR OTHER TORTIOUS ACTION, ARISING OUT OF"," * OR IN CONNECTION WITH THE USE OR PERFORMANCE OF THIS SOFTWARE."," */","","var binding = require('bindings')('rpio');","var fs = require('fs');","var util = require('util');","var EventEmitter = require('events').EventEmitter;","","/*"," * Event Emitter gloop."," */","function rpio()","{","\tEventEmitter.call(this);","}","util.inherits(rpio, EventEmitter);","","/*"," * Constants."," */","rpio.prototype.LOW = 0x0;","rpio.prototype.HIGH = 0x1;","","/*"," * Supported function select modes.  INPUT and OUTPUT match the bcm2835"," * function select integers.  PWM is handled specially."," */","rpio.prototype.INPUT = 0x0;","rpio.prototype.OUTPUT = 0x1;","rpio.prototype.PWM = 0x2;","","/*"," * Configure builtin pullup/pulldown resistors."," */","rpio.prototype.PULL_OFF = 0x0;","rpio.prototype.PULL_DOWN = 0x1;","rpio.prototype.PULL_UP = 0x2;","","/*"," * Pin edge detect events.  Default to both."," */","rpio.prototype.POLL_LOW = 0x1;\t/* Falling edge detect */","rpio.prototype.POLL_HIGH = 0x2;\t/* Rising edge detect */","rpio.prototype.POLL_BOTH = 0x3;\t/* POLL_LOW | POLL_HIGH */","","/*"," * Reset pin status on close (default), or preserve current status."," */","rpio.prototype.PIN_PRESERVE = 0x0;","rpio.prototype.PIN_RESET = 0x1;","","/*"," * Pin event polling.  We track which pins are being monitored, and create a"," * bitmask for efficient checks.  The event_poll function is executed in a"," * setInterval() context whenever any pins are being monitored, and emits"," * events when their EDS bit is set."," */","var event_pins = {};","var event_mask = 0x0;","var event_running = false;","","function event_poll()","{","\tvar active = binding.gpio_event_poll(event_mask);","","\tfor (gpiopin in event_pins) {","\t\tif (active & (1 << gpiopin))","\t\t\trpio.prototype.emit('pin' + gpiopin);","\t}","}","","/*"," * GPIO Pad Control"," */","rpio.prototype.PAD_GROUP_0_27  = 0x0;","rpio.prototype.PAD_GROUP_28_45 = 0x1;","rpio.prototype.PAD_GROUP_46_53 = 0x2;","","rpio.prototype.PAD_DRIVE_2mA      = 0x00;","rpio.prototype.PAD_DRIVE_4mA      = 0x01;","rpio.prototype.PAD_DRIVE_6mA      = 0x02;","rpio.prototype.PAD_DRIVE_8mA      = 0x03;","rpio.prototype.PAD_DRIVE_10mA     = 0x04;","rpio.prototype.PAD_DRIVE_12mA     = 0x05;","rpio.prototype.PAD_DRIVE_14mA     = 0x06;","rpio.prototype.PAD_DRIVE_16mA     = 0x07;","rpio.prototype.PAD_HYSTERESIS     = 0x08;","rpio.prototype.PAD_SLEW_UNLIMITED = 0x10;","","/*"," * Set up GPIO mapping based on board revision."," */","var gpiomap;","function setup_board()","{","\tvar cpuinfo, boardrev, match;","","\tcpuinfo = fs.readFileSync('/proc/cpuinfo', 'ascii', function(err) {","\t\tif (err)","\t\t\tthrow err;","\t});","","\tcpuinfo.toString().split(/\\n/).forEach(function (line) {","\t\tmatch = line.match(/^Revision.*(.{4})/);","\t\tif (match) {","\t\t\tboardrev = parseInt(match[1], 16);","\t\t\treturn;","\t\t}","\t});","","\tswitch (boardrev) {","\tcase 0x2:","\tcase 0x3:","\t\tgpiomap = \"v1rev1\";","\t\tbreak;","\tcase 0x4:","\tcase 0x5:","\tcase 0x6:","\tcase 0x7:","\tcase 0x8:","\tcase 0x9:","\tcase 0xd:","\tcase 0xe:","\tcase 0xf:","\t\tgpiomap = \"v1rev2\";","\t\tbreak;","\tcase 0x10:","\tcase 0x12:","\tcase 0x13:","\tcase 0x15:","\tcase 0x92:","\tcase 0x93:","\tcase 0xc1:","\tcase 0x1041:","\tcase 0x2042:","\tcase 0x2082:","\t\tgpiomap = \"v2plus\";","\t\tbreak;","\tdefault:","\t\tthrow \"Unable to determine board revision\";","\t\tbreak;","\t}","}","setup_board();","","","/*"," * Default pin mode is 'physical'.  Other option is 'gpio'"," */","var rpio_inited = false;","var rpio_options = {","\tgpiomem: true,","\tmapping: 'physical',","};","","/*"," * Valid GPIO pins, using GPIOxx BCM numbering."," */","var validgpio = {","\t'v1rev1': [","\t\t0, 1, 4, 7, 8, 9, 10, 11, 14, 15, 17, 18, 21, 22, 23, 24, 25","\t],","\t'v1rev2': [","\t\t2, 3, 4, 7, 8, 9, 10, 11, 14, 15, 17, 18, 22, 23, 24, 25, 27,","\t\t28, 29, 30, 31","\t],","\t'v2plus': [","\t\t2, 3, 4, 5, 6, 7, 8, 9, 10, 11, 12, 13, 14, 15, 16, 17, 18,","\t\t19, 20, 21, 22, 23, 24, 25, 26, 27","\t]","}","/*"," * Map physical pin to BCM GPIOxx numbering."," */","var pincache = {};","var pinmap = {","\t'v1rev1': {","\t\t3: 0,","\t\t5: 1,","\t\t7: 4,","\t\t8: 14,","\t\t10: 15,","\t\t11: 17,","\t\t12: 18,","\t\t13: 21,","\t\t15: 22,","\t\t16: 23,","\t\t18: 24,","\t\t19: 10,","\t\t21: 9,","\t\t22: 25,","\t\t23: 11,","\t\t24: 8,","\t\t26: 7","\t},","\t'v1rev2': {","\t\t3: 2,","\t\t5: 3,","\t\t7: 4,","\t\t8: 14,","\t\t10: 15,","\t\t11: 17,","\t\t12: 18,","\t\t13: 27,","\t\t15: 22,","\t\t16: 23,","\t\t18: 24,","\t\t19: 10,","\t\t21: 9,","\t\t22: 25,","\t\t23: 11,","\t\t24: 8,","\t\t26: 7","\t\t/* XXX: no support for the P5 header pins. */","\t},","\t'v2plus': {","\t\t3: 2,","\t\t5: 3,","\t\t7: 4,","\t\t8: 14,","\t\t10: 15,","\t\t11: 17,","\t\t12: 18,","\t\t13: 27,","\t\t15: 22,","\t\t16: 23,","\t\t18: 24,","\t\t19: 10,","\t\t21: 9,","\t\t22: 25,","\t\t23: 11,","\t\t24: 8,","\t\t26: 7,","\t\t29: 5,","\t\t31: 6,","\t\t32: 12,","\t\t33: 13,","\t\t35: 19,","\t\t36: 16,","\t\t37: 26,","\t\t38: 20,","\t\t40: 21","\t},","}","","function pin_to_gpio(pin)","{","\tif (pincache[pin])","\t\treturn pincache[pin];","","\tswitch (rpio_options.mapping) {","\tcase 'physical':","\t\tif (!(pin in pinmap[gpiomap]))","\t\t\tthrow \"Invalid pin\";","\t\tpincache[pin] = pinmap[gpiomap][pin];","\t\tbreak;","\tcase 'gpio':","\t\tif (validgpio[gpiomap].indexOf(pin) === -1)","\t\t\tthrow \"Invalid pin\";","\t\tpincache[pin] = pin;","\t\tbreak;","\tdefault:","\t\tthrow \"Unsupported GPIO mode\";","\t}","","\treturn pincache[pin];","}","","function check_sys_gpio(pin)","{","\tif (fs.existsSync('/sys/class/gpio/gpio' + pin))","\t\tthrow \"GPIO\" + pin + \" is currently in use by /sys/class/gpio\";","}","","function get_pwm_function(pin)","{","\tvar gpiopin = pin_to_gpio(pin);","","\tswitch (gpiopin) {","\tcase 12:","\tcase 13:","\t\treturn 4; /* BCM2835_GPIO_FSEL_ALT0 */","\tcase 18:","\tcase 19:","\t\treturn 2; /* BCM2835_GPIO_FSEL_ALT5 */","\tdefault:","\t\tthrow \"Pin \" + pin + \" does not support hardware PWM\";","\t}","}","","function get_pwm_channel(pin)","{","\tvar gpiopin = pin_to_gpio(pin);","","\tswitch (gpiopin) {","\tcase 12:","\tcase 18:","\t\treturn 0;","\tcase 13:","\tcase 19:","\t\treturn 1;","\tdefault:","\t\tthrow \"Unknown PWM channel for pin \" + pin;","\t}","}","","function set_pin_pwm(pin)","{","\tvar gpiopin = pin_to_gpio(pin);","\tvar channel, func;","","\tif (rpio_options.gpiomem)","\t\tthrow \"PWM not available in gpiomem mode\";","","\tcheck_sys_gpio(gpiopin);","","\t/*","\t * PWM channels and alternate functions differ from pin to pin, set","\t * them up appropriately based on selected pin.","\t */","\tchannel = get_pwm_channel(pin);","\tfunc = get_pwm_function(pin);","","\tbinding.gpio_function(gpiopin, func);","","\t/*","\t * For now we assume mark-space mode, balanced is unsupported.","\t */","\tbinding.pwm_set_mode(channel, 1, 1);","}","","/*"," * GPIO"," */","rpio.prototype.init = function(opts)","{","\topts = opts || {};","","\tfor (var k in rpio_options) {","\t\tif (k in opts)","\t\t\trpio_options[k] = opts[k];","\t}","","\t/* Invalidate the pin cache as we may have changed mapping. */","\tpincache = {};","","\t/*","\t * Open the bcm2835 driver.","\t */","\tbinding.rpio_init(Number(rpio_options.gpiomem));","\trpio_inited = true;","}","","rpio.prototype.open = function(pin, mode, init)","{","\tvar gpiopin = pin_to_gpio(pin);","","\tif (!rpio_inited) {","\t\t/* PWM requires full /dev/mem */","\t\tif (mode === rpio.prototype.PWM)","\t\t\trpio_options.gpiomem = false;","\t\trpio.prototype.init();","\t}","","\tcheck_sys_gpio(gpiopin);","","\tswitch (mode) {","\tcase rpio.prototype.INPUT:","\t\tif (init !== undefined)","\t\t\tbinding.gpio_pud(gpiopin, init);","\t\treturn binding.gpio_function(gpiopin, rpio.prototype.INPUT);","\tcase rpio.prototype.OUTPUT:","\t\tif (init !== undefined)","\t\t\tbinding.gpio_write(gpiopin, init);","\t\treturn binding.gpio_function(gpiopin, rpio.prototype.OUTPUT);","\tcase rpio.prototype.PWM:","\t\treturn set_pin_pwm(pin);","\tdefault:","\t\tthrow \"Unsupported mode \" + mode;","\t}","}","","rpio.prototype.mode = function(pin, mode)","{","\tvar gpiopin = pin_to_gpio(pin);","","\tswitch (mode) {","\tcase rpio.prototype.INPUT:","\t\treturn binding.gpio_function(gpiopin, rpio.prototype.INPUT);","\tcase rpio.prototype.OUTPUT:","\t\treturn binding.gpio_function(gpiopin, rpio.prototype.OUTPUT);","\tcase rpio.prototype.PWM:","\t\treturn set_pin_pwm(pin);","\tdefault:","\t\tthrow \"Unsupported mode \" + mode;","\t}","}","","rpio.prototype.read = function(pin)","{","\treturn binding.gpio_read(pin_to_gpio(pin));","}","","rpio.prototype.readbuf = function(pin, buf, len)","{","\tif (len === undefined)","\t\tlen = buf.length;","","\tif (len > buf.length)","\t\tthrow \"Buffer not large enough to accommodate request\";","","\treturn binding.gpio_readbuf(pin_to_gpio(pin), buf, len);","}","","rpio.prototype.write = function(pin, value)","{","\treturn binding.gpio_write(pin_to_gpio(pin), value);","}","","rpio.prototype.writebuf = function(pin, buf, len)","{","\tif (len === undefined)","\t\tlen = buf.length;","","\tif (len > buf.length)","\t\tthrow \"Buffer not large enough to accommodate request\";","","\treturn binding.gpio_writebuf(pin_to_gpio(pin), buf, len);","}","","rpio.prototype.readpad = function(group)","{","\tif (rpio_options.gpiomem)","\t\tthrow \"Pad control not available in gpiomem mode\";","","\treturn binding.gpio_pad_read(group);","}","","rpio.prototype.writepad = function(group, control)","{","\tif (rpio_options.gpiomem)","\t\tthrow \"Pad control not available in gpiomem mode\";","","\tbinding.gpio_pad_write(group, control);","}","","rpio.prototype.pud = function(pin, state)","{","\tbinding.gpio_pud(pin_to_gpio(pin), state);","}","","rpio.prototype.poll = function(pin, cb, direction)","{","\tvar gpiopin = pin_to_gpio(pin);","","\tif (direction === undefined)","\t\tdirection = rpio.prototype.POLL_BOTH;","","\t/*","\t * If callback is a function, set up pin for polling, otherwise","\t * clear it.","\t */","\tif (typeof(cb) === 'function') {","\t\tif (gpiopin in event_pins)","\t\t\tthrow \"Pin \" + pin + \" is already listening for events.\"","","\t\tbinding.gpio_event_set(gpiopin, direction);","","\t\tvar pincb = function() {","\t\t\tcb(pin);","\t\t};","\t\trpio.prototype.addListener('pin' + gpiopin, pincb);","","\t\tevent_pins[gpiopin] = pincb;","\t\tevent_mask |= (1 << gpiopin);","","\t\tif (!(event_running))","\t\t\tevent_running = setInterval(event_poll, 1);","\t} else {","\t\tif (!(gpiopin in event_pins))","\t\t\tthrow \"Pin \" + pin + \" is not listening for events.\"","","\t\tbinding.gpio_event_clear(gpiopin);","","\t\trpio.prototype.removeListener('pin' + gpiopin, event_pins[gpiopin]);","","\t\tdelete event_pins[gpiopin];","\t\tevent_mask &= ~(1 << gpiopin);","","\t\tif (Object.keys(event_pins).length === 0) {","\t\t\tclearInterval(event_running);","\t\t\tevent_running = false;","\t\t}","\t}","}","","rpio.prototype.close = function(pin, reset)","{","\tvar gpiopin = pin_to_gpio(pin);","","\tif (reset === undefined)","\t\treset = rpio.prototype.PIN_RESET;","","\tif (gpiopin in event_pins)","\t\trpio.prototype.poll(pin, null);","","\tif (reset) {","\t\tif (!rpio_options.gpiomem)","\t\t\trpio.prototype.pud(pin, rpio.prototype.PULL_OFF);","\t\trpio.prototype.mode(pin, rpio.prototype.INPUT);","\t}","}","","/*"," * PWM"," */","rpio.prototype.pwmSetClockDivider = function (divider)","{","\tif (divider !== 0 && (divider & (divider - 1)) !== 0)","\t\tthrow \"Clock divider must be zero or power of two\";","","\treturn binding.pwm_set_clock(divider);","}","","rpio.prototype.pwmSetRange = function (pin, range)","{","\tvar channel = get_pwm_channel(pin);","","\treturn binding.pwm_set_range(channel, range);","}","","rpio.prototype.pwmSetData = function (pin, data)","{","\tvar channel = get_pwm_channel(pin);","","\treturn binding.pwm_set_data(channel, data);","}","","/*"," * i²c"," */","rpio.prototype.i2cBegin = function()","{","\tif (!rpio_inited) {","\t\t/* i²c requires full /dev/mem */","\t\trpio_options.gpiomem = false;","\t\trpio.prototype.init();","\t}","","\tif (rpio_options.gpiomem)","\t\tthrow \"i²c not available in gpiomem mode\";","","\tbinding.i2c_begin();","}","","rpio.prototype.i2cSetSlaveAddress = function(addr)","{","\treturn binding.i2c_set_slave_address(addr);","}","","rpio.prototype.i2cSetClockDivider = function(divider)","{","\tif ((divider % 2) !== 0)","\t\tthrow \"Clock divider must be an even number\";","","\treturn binding.i2c_set_clock_divider(divider);","}","","rpio.prototype.i2cSetBaudRate = function(baud)","{","\treturn binding.i2c_set_baudrate(baud);","}","","rpio.prototype.i2cRead = function(buf, len)","{","\tif (len === undefined)","\t\tlen = buf.length;","","\tif (len > buf.length)","\t\tthrow \"Buffer not large enough to accommodate request\";","","\treturn binding.i2c_read(buf, len);","}","","rpio.prototype.i2cWrite = function(buf, len)","{","\tif (len === undefined)","\t\tlen = buf.length;","","\tif (len > buf.length)","\t\tthrow \"Buffer not large enough to accommodate request\";","","\treturn binding.i2c_write(buf, len);","}","","rpio.prototype.i2cEnd = function()","{","\tbinding.i2c_end();","}","","/*"," * SPI"," */","rpio.prototype.spiBegin = function()","{","\tif (!rpio_inited) {","\t\t/* SPI requires full /dev/mem */","\t\trpio_options.gpiomem = false;","\t\trpio.prototype.init();","\t}","","\tif (rpio_options.gpiomem)","\t\tthrow \"SPI not available in gpiomem mode\";","","\tbinding.spi_begin();","}","","rpio.prototype.spiChipSelect = function(cs)","{","\treturn binding.spi_chip_select(cs);","}","","rpio.prototype.spiSetCSPolarity = function(cs, active)","{","\treturn binding.spi_set_cs_polarity(cs, active);","}","","rpio.prototype.spiSetClockDivider = function(divider)","{","\tif ((divider % 2) !== 0 || divider < 0 || divider > 65536)","\t\tthrow \"Clock divider must be an even number between 0 and 65536\";","","\treturn binding.spi_set_clock_divider(divider);","}","","rpio.prototype.spiSetDataMode = function(mode)","{","\treturn binding.spi_set_data_mode(mode);","}","","rpio.prototype.spiTransfer = function(txbuf, rxbuf, len)","{","\treturn binding.spi_transfer(txbuf, rxbuf, len);","}","","rpio.prototype.spiWrite = function(buf, len)","{","\treturn binding.spi_write(buf, len);","}","","rpio.prototype.spiEnd = function()","{","\tbinding.spi_end();","}","","/*"," * Misc functions."," */","rpio.prototype.sleep = function(secs)","{","\tbinding.rpio_usleep(secs * 1000000);","}","","rpio.prototype.msleep = function(msecs)","{","\tbinding.rpio_usleep(msecs * 1000);","}","","rpio.prototype.usleep = function(usecs)","{","\tbinding.rpio_usleep(usecs);","}","","process.on('exit', function (code) {","\tbinding.rpio_close();","});","","module.exports = new rpio;",""],"l":{"17":4,"18":4,"19":4,"20":4,"25":1,"27":0,"29":4,"34":4,"35":4,"41":4,"42":4,"43":4,"48":4,"49":4,"50":4,"55":4,"56":4,"57":4,"62":4,"63":4,"71":4,"72":4,"73":4,"75":1,"77":0,"79":0,"80":0,"81":0,"88":4,"89":4,"90":4,"92":4,"93":4,"94":4,"95":4,"96":4,"97":4,"98":4,"99":4,"100":4,"101":4,"106":4,"107":1,"109":4,"111":4,"112":0,"113":0,"116":4,"117":220,"118":220,"119":0,"120":0,"124":4,"127":0,"128":0,"138":0,"139":0,"150":0,"151":0,"153":4,"154":0,"157":4,"163":0,"164":0,"172":0,"188":0,"189":0,"259":1,"261":0,"262":0,"264":0,"266":0,"267":0,"268":0,"269":0,"271":0,"272":0,"273":0,"274":0,"276":0,"279":0,"282":1,"284":0,"285":0,"288":1,"290":0,"292":0,"295":0,"298":0,"300":0,"304":1,"306":0,"308":0,"311":0,"314":0,"316":0,"320":1,"322":0,"323":0,"325":0,"326":0,"328":0,"334":0,"335":0,"337":0,"342":0,"348":0,"350":0,"352":0,"353":0,"354":0,"358":0,"363":0,"364":0,"367":0,"369":0,"371":0,"373":0,"374":0,"375":0,"378":0,"380":0,"382":0,"383":0,"384":0,"386":0,"387":0,"388":0,"390":0,"392":0,"396":0,"398":0,"400":0,"402":0,"404":0,"406":0,"408":0,"412":0,"414":0,"417":0,"419":0,"420":0,"422":0,"423":0,"425":0,"428":0,"430":0,"433":0,"435":0,"436":0,"438":0,"439":0,"441":0,"444":0,"446":0,"447":0,"449":0,"452":0,"454":0,"455":0,"457":0,"460":0,"462":0,"465":0,"467":0,"469":0,"470":0,"476":0,"477":0,"478":0,"480":0,"482":0,"483":0,"485":0,"487":0,"488":0,"490":0,"491":0,"493":0,"494":0,"496":0,"498":0,"500":0,"501":0,"503":0,"504":0,"505":0,"510":0,"512":0,"514":0,"515":0,"517":0,"518":0,"520":0,"521":0,"522":0,"523":0,"530":0,"532":0,"533":0,"535":0,"538":0,"540":0,"542":0,"545":0,"547":0,"549":0,"555":0,"557":0,"559":0,"560":0,"563":0,"564":0,"566":0,"569":0,"571":0,"574":0,"576":0,"577":0,"579":0,"582":0,"584":0,"587":0,"589":0,"590":0,"592":0,"593":0,"595":0,"598":0,"600":0,"601":0,"603":0,"604":0,"606":0,"609":0,"611":0,"617":0,"619":0,"621":0,"622":0,"625":0,"626":0,"628":0,"631":0,"633":0,"636":0,"638":0,"641":0,"643":0,"644":0,"646":0,"649":0,"651":0,"654":0,"656":0,"659":0,"661":0,"664":0,"666":0,"672":0,"674":0,"677":0,"679":0,"682":0,"684":0,"687":0,"688":0,"691":0}}}